13:47:32.954 [main                     ] DEBUG Logger               - Configured Logger
13:47:32.979 [main                     ] DEBUG GameApplication      - Logging settings
Title: 卡牌冒险
Version: 0.1
Width: 1900
Height: 980
Fullscreen: false
Intro: false
Profiling: false
Single step:false
App Mode: DEVELOPER
Menu Key: ESCAPE
Stage Style: DECORATED
Scene Factory: class com.almasb.fxgl.app.scene.SceneFactory

13:47:33.370 [JavaFX Application Thread] DEBUG FXGLApplication      - Initializing FXGL
13:47:33.373 [JavaFX Application Thread] INFO  Engine               - FXGL-17.3 (30.03.2023 11.49) on WINDOWS (J:17.0.6 FX:20)
13:47:33.374 [JavaFX Application Thread] DEBUG Engine               - JRE Vendor Name: Oracle Corporation
13:47:33.374 [JavaFX Application Thread] DEBUG Engine               - Running on OS: Windows 11 version 10.0
13:47:33.374 [JavaFX Application Thread] DEBUG Engine               - Architecture: amd64
13:47:33.374 [JavaFX Application Thread] INFO  Engine               - Source code and latest versions at: https://github.com/AlmasB/FXGL
13:47:33.375 [JavaFX Application Thread] INFO  Engine               -       Ask questions and discuss at: https://github.com/AlmasB/FXGL/discussions
13:47:33.375 [JavaFX Application Thread] INFO  Engine               -              Join the FXGL chat at: https://gitter.im/AlmasB/FXGL
13:47:33.439 [JavaFX Application Thread] DEBUG PrimaryStageWindow   - Creating a JavaFX scene
13:47:33.439 [JavaFX Application Thread] DEBUG PrimaryStageWindow   - Target size > screen size
13:47:33.472 [JavaFX Application Thread] DEBUG PrimaryStageWindow   - Target settings size: 1900.0 x 980.0
13:47:33.472 [JavaFX Application Thread] DEBUG PrimaryStageWindow   - Scaled scene size:    1682.0 x 880.0
13:47:33.472 [JavaFX Application Thread] DEBUG PrimaryStageWindow   - Scaled ratio: (0.8852631578947369, 0.8979591836734694)
13:47:33.473 [JavaFX Application Thread] DEBUG PrimaryStageWindow   - Set initial scene to FXGLStartupScene
13:47:33.476 [JavaFX Application Thread] DEBUG PrimaryStageWindow   - Opening main window
13:47:33.549 [JavaFX Application Thread] DEBUG PrimaryStageWindow   - Window border size: (14.6666259765625, 37.33331298828125)
13:47:33.549 [JavaFX Application Thread] DEBUG PrimaryStageWindow   - Scaled size: 1682.0 x 880.0
13:47:33.549 [JavaFX Application Thread] DEBUG PrimaryStageWindow   - Scaled ratio: (0.8852631578947369, 0.8979591836734694)
13:47:33.550 [JavaFX Application Thread] DEBUG PrimaryStageWindow   - Scene size: 1682.0 x 880.0
13:47:33.550 [JavaFX Application Thread] DEBUG PrimaryStageWindow   - Stage size: 1696.6666259765625 x 917.3333129882812
13:47:33.554 [FXGL Background Thread 1 ] DEBUG Engine               - Initializing environment variables
13:47:33.579 [FXGL Background Thread 1 ] DEBUG FXGLAssetLoaderServi - User app class for loading assets: class com.hjc.CardAdventure.CardAdventureApp
13:47:33.579 [FXGL Background Thread 1 ] DEBUG GameApplicationServi - Applying CSS: fxgl_dark.css
13:47:33.580 [FXGL Background Thread 1 ] DEBUG FXGLAssetLoaderServi - Loading from file system: jar:file:///C:/Users/HJC/.m2/repository/com/github/almasb/fxgl/17.3/fxgl-17.3.jar!/fxglassets/ui/css/fxgl_dark.css
13:47:33.629 [FXGL Background Thread 1 ] DEBUG GameApplicationServi - Initializing application scenes
13:47:33.695 [FXGL Background Thread 1 ] DEBUG GameWorld            - Game world initialized
13:47:33.730 [FXGL Background Thread 1 ] DEBUG PhysicsWorld         - Physics world initialized: appHeight=980, physics.ppm=50.0
13:47:33.731 [FXGL Background Thread 1 ] DEBUG PhysicsWorld         - Using strategy: BRUTE_FORCE
13:47:33.735 [FXGL Background Thread 1 ] DEBUG GameScene            - Game scene initialized: 1900x980
13:47:33.743 [FXGL Background Thread 1 ] DEBUG FXGL.DefaultMenu     - createMenuBodyGameMenu()
13:47:33.751 [FXGL Background Thread 1 ] DEBUG FXGL.DefaultMenu     - createOptionsMenu()
13:47:33.759 [FXGL Background Thread 1 ] DEBUG FXGLAssetLoaderServi - Loading from file system: jar:file:///C:/Users/HJC/.m2/repository/com/github/almasb/fxgl/17.3/fxgl-17.3.jar!/fxglassets/textures/particles/smoke.png
13:47:33.838 [FXGL Background Thread 1 ] DEBUG FXGLAssetLoaderServi - Loading from file system: jar:file:///C:/Users/HJC/.m2/repository/com/github/almasb/fxgl/17.3/fxgl-17.3.jar!/fxglassets/textures/particles/trace_horizontal.png
13:47:33.858 [FXGL Background Thread 1 ] DEBUG GameApplicationServi - Application scenes initialized
13:47:33.866 [FXGL Background Thread 1 ] DEBUG SystemBundleService  - Loading FXGL system data
13:47:33.868 [FXGL Background Thread 1 ] DEBUG FileSystemAccess     - Reading from: D:\Project\MAVEN_PROJECT\CardAdventure\system\fxgl.bundle
13:47:33.870 [FXGL Background Thread 1 ] DEBUG SystemBundleService  - Bundle FXGL: {}
13:47:33.870 [FXGL Background Thread 1 ] DEBUG UpdaterService       - Checking for updates
13:47:33.874 [FXGL Background Thread 4 ] DEBUG FXGLApplication      - Loading fonts
13:47:33.874 [FXGL Background Thread 4 ] DEBUG FXGLAssetLoaderServi - Loading from file system: jar:file:///C:/Users/HJC/.m2/repository/com/github/almasb/fxgl/17.3/fxgl-17.3.jar!/fxglassets/ui/fonts/VarelaRound-Regular.ttf
13:47:33.875 [FXGL Background Thread 1 ] DEBUG FXGLApplication      - Loading default localization
13:47:33.876 [FXGL Background Thread 1 ] DEBUG FXGLAssetLoaderServi - Loading from file system: file:/D:/Project/MAVEN_PROJECT/CardAdventure/target/classes/assets/languages/chinese.lang
13:47:33.887 [FXGL Background Thread 4 ] DEBUG FXGLAssetLoaderServi - Loading from file system: jar:file:///C:/Users/HJC/.m2/repository/com/github/almasb/fxgl/17.3/fxgl-17.3.jar!/fxglassets/ui/fonts/Abel-Regular.ttf
13:47:33.898 [FXGL Background Thread 4 ] DEBUG FXGLAssetLoaderServi - Loading from file system: jar:file:///C:/Users/HJC/.m2/repository/com/github/almasb/fxgl/17.3/fxgl-17.3.jar!/fxglassets/ui/fonts/TerminalLandMono-Regular.otf
13:47:33.900 [FXGL Background Thread 1 ] INFO  FXGLApplication      - FXGL initialization took: 0.346 sec
13:47:33.901 [JavaFX Application Thread] DEBUG FXGLAssetLoaderServi - Loading from file system: file:/D:/Project/MAVEN_PROJECT/CardAdventure/target/classes/assets/textures/enemy/forestWolf.png
13:47:33.907 [JavaFX Application Thread] DEBUG FXGLAssetLoaderServi - Loading from file system: jar:file:///C:/Users/HJC/.m2/repository/com/github/almasb/fxgl/17.3/fxgl-17.3.jar!/fxglassets/textures/fxgl_default_cursor.png
13:47:33.909 [FXGL Background Thread 4 ] DEBUG FXGLAssetLoaderServi - Loading from file system: jar:file:///C:/Users/HJC/.m2/repository/com/github/almasb/fxgl/17.3/fxgl-17.3.jar!/fxglassets/ui/fonts/Courier-Prime.ttf
13:47:33.921 [JavaFX Application Thread] DEBUG Input                - Registered new binding: Screenshot - CTRL+8
13:47:33.922 [JavaFX Application Thread] DEBUG Input                - Registered new binding: System info dump - CTRL+9
13:47:33.923 [JavaFX Application Thread] DEBUG Input                - Registered new binding: Restart - CTRL+R
13:47:33.924 [JavaFX Application Thread] DEBUG Input                - Registered new binding: Toggle Debug Camera - CTRL+7
13:47:33.926 [JavaFX Application Thread] DEBUG LoopRunner           - Starting loop
13:47:33.927 [JavaFX Application Thread] DEBUG LoopRunner           - Initializing JavaFX AnimationTimerLoop
13:47:33.929 [JavaFX Application Thread] DEBUG GameApplicationServi - Starting new game
13:47:33.929 [JavaFX Application Thread] DEBUG Input                - Clearing active input actions
13:47:33.949 [JavaFX Application Thread] DEBUG GameApplicationServi - Removing overlay from FXGLStartupScene and adding to FXGLLoadingScene
13:47:33.950 [JavaFX Application Thread] DEBUG PrimaryStageWindow   - FXGLStartupScene -> FXGLLoadingScene
13:47:33.950 [JavaFX Application Thread] DEBUG GameApplicationServi - Clearing previous game
13:47:33.950 [JavaFX Application Thread] DEBUG GameScene            - Clearing game scene
13:47:33.950 [JavaFX Application Thread] DEBUG GameWorld            - Clearing game world
13:47:33.950 [JavaFX Application Thread] DEBUG PhysicsWorld         - Clearing physics world
13:47:33.953 [FXGL Background Thread 4 ] DEBUG FXGLApplication      - Initializing game
13:47:33.953 [JavaFX Application Thread] DEBUG FXGLApplication      - Registering font factories with UI factory
13:47:33.962 [FXGL Background Thread 4 ] DEBUG FXGLAssetLoaderServi - Loading JSON from: file:/D:/Project/MAVEN_PROJECT/CardAdventure/target/classes/assets/data/player/soldier.json
13:47:34.201 [FXGL Background Thread 4 ] DEBUG FXGLAssetLoaderServi - Loading from file system: file:/D:/Project/MAVEN_PROJECT/CardAdventure/target/classes/assets/textures/playerBlood.png
13:47:34.205 [FXGL Background Thread 4 ] DEBUG FXGLAssetLoaderServi - Loading from file system: file:/D:/Project/MAVEN_PROJECT/CardAdventure/target/classes/assets/textures/gold.png
13:47:34.209 [FXGL Background Thread 4 ] DEBUG FXGLAssetLoaderServi - Loading from file system: file:/D:/Project/MAVEN_PROJECT/CardAdventure/target/classes/assets/textures/medicine.png
13:47:34.221 [FXGL Background Thread 4 ] DEBUG FXGLAssetLoaderServi - Loading JSON from: file:/D:/Project/MAVEN_PROJECT/CardAdventure/target/classes/assets/data/card/soldier/strike.json
13:47:34.231 [FXGL Background Thread 4 ] DEBUG FXGLAssetLoaderServi - Loading JSON from: file:/D:/Project/MAVEN_PROJECT/CardAdventure/target/classes/assets/data/card/soldier/strike.json
13:47:34.234 [FXGL Background Thread 4 ] DEBUG FXGLAssetLoaderServi - Loading JSON from: file:/D:/Project/MAVEN_PROJECT/CardAdventure/target/classes/assets/data/card/soldier/strike.json
13:47:34.237 [FXGL Background Thread 4 ] DEBUG FXGLAssetLoaderServi - Loading JSON from: file:/D:/Project/MAVEN_PROJECT/CardAdventure/target/classes/assets/data/card/soldier/strike.json
13:47:34.241 [FXGL Background Thread 4 ] DEBUG FXGLAssetLoaderServi - Loading JSON from: file:/D:/Project/MAVEN_PROJECT/CardAdventure/target/classes/assets/data/card/soldier/strike.json
13:47:34.244 [FXGL Background Thread 4 ] DEBUG FXGLAssetLoaderServi - Loading JSON from: file:/D:/Project/MAVEN_PROJECT/CardAdventure/target/classes/assets/data/card/soldier/strike.json
13:47:34.246 [FXGL Background Thread 4 ] DEBUG FXGLAssetLoaderServi - Loading JSON from: file:/D:/Project/MAVEN_PROJECT/CardAdventure/target/classes/assets/data/card/soldier/strike.json
13:47:34.249 [FXGL Background Thread 4 ] DEBUG FXGLAssetLoaderServi - Loading JSON from: file:/D:/Project/MAVEN_PROJECT/CardAdventure/target/classes/assets/data/card/soldier/strike.json
13:47:34.252 [FXGL Background Thread 4 ] DEBUG FXGLAssetLoaderServi - Loading JSON from: file:/D:/Project/MAVEN_PROJECT/CardAdventure/target/classes/assets/data/card/soldier/strike.json
13:47:34.255 [FXGL Background Thread 4 ] DEBUG FXGLAssetLoaderServi - Loading JSON from: file:/D:/Project/MAVEN_PROJECT/CardAdventure/target/classes/assets/data/card/soldier/strike.json
13:47:34.256 [FXGL Background Thread 4 ] DEBUG FXGLAssetLoaderServi - Loading JSON from: file:/D:/Project/MAVEN_PROJECT/CardAdventure/target/classes/assets/data/card/soldier/strike.json
13:47:34.258 [FXGL Background Thread 4 ] DEBUG FXGLAssetLoaderServi - Loading JSON from: file:/D:/Project/MAVEN_PROJECT/CardAdventure/target/classes/assets/data/card/soldier/strike.json
13:47:34.261 [FXGL Background Thread 4 ] DEBUG FXGLAssetLoaderServi - Loading JSON from: file:/D:/Project/MAVEN_PROJECT/CardAdventure/target/classes/assets/data/card/soldier/strike.json
13:47:34.262 [FXGL Background Thread 4 ] DEBUG FXGLAssetLoaderServi - Loading JSON from: file:/D:/Project/MAVEN_PROJECT/CardAdventure/target/classes/assets/data/card/soldier/strike.json
13:47:34.265 [FXGL Background Thread 4 ] DEBUG FXGLAssetLoaderServi - Loading JSON from: file:/D:/Project/MAVEN_PROJECT/CardAdventure/target/classes/assets/data/card/soldier/strike.json
13:47:34.269 [FXGL Background Thread 4 ] DEBUG FXGLAssetLoaderServi - Loading JSON from: file:/D:/Project/MAVEN_PROJECT/CardAdventure/target/classes/assets/data/card/soldier/strike.json
13:47:34.274 [FXGL Background Thread 4 ] DEBUG FXGLAssetLoaderServi - Loading JSON from: file:/D:/Project/MAVEN_PROJECT/CardAdventure/target/classes/assets/data/card/soldier/strike.json
13:47:34.276 [FXGL Background Thread 4 ] DEBUG FXGLAssetLoaderServi - Loading JSON from: file:/D:/Project/MAVEN_PROJECT/CardAdventure/target/classes/assets/data/card/soldier/strike.json
13:47:34.278 [FXGL Background Thread 4 ] DEBUG FXGLAssetLoaderServi - Loading JSON from: file:/D:/Project/MAVEN_PROJECT/CardAdventure/target/classes/assets/data/card/soldier/strike.json
13:47:34.280 [FXGL Background Thread 4 ] DEBUG FXGLAssetLoaderServi - Loading JSON from: file:/D:/Project/MAVEN_PROJECT/CardAdventure/target/classes/assets/data/card/soldier/strike.json
13:47:34.284 [FXGL Background Thread 4 ] DEBUG FXGLAssetLoaderServi - Loading JSON from: file:/D:/Project/MAVEN_PROJECT/CardAdventure/target/classes/assets/data/enemy/forestWolf.json
13:47:34.298 [FXGL Background Thread 4 ] DEBUG FXGLAssetLoaderServi - Loading from file system: file:/D:/Project/MAVEN_PROJECT/CardAdventure/target/classes/assets/textures/playerAttributeBox.png
13:47:34.328 [FXGL Background Thread 4 ] DEBUG FXGLAssetLoaderServi - Loading from file system: file:/D:/Project/MAVEN_PROJECT/CardAdventure/target/classes/assets/textures/cardBox.png
13:47:34.340 [FXGL Background Thread 4 ] DEBUG FXGLAssetLoaderServi - Loading from file system: file:/D:/Project/MAVEN_PROJECT/CardAdventure/target/classes/assets/textures/cardBack/cardBack%23ff0000.png
13:47:34.362 [FXGL Background Thread 4 ] DEBUG FXGLAssetLoaderServi - Loading from file system: file:/D:/Project/MAVEN_PROJECT/CardAdventure/target/classes/assets/textures/buttonDark.png
13:47:34.369 [FXGL Background Thread 4 ] DEBUG FXGLAssetLoaderServi - Loading from file system: file:/D:/Project/MAVEN_PROJECT/CardAdventure/target/classes/assets/textures/hourglass.jpg
13:47:34.567 [FXGL Background Thread 4 ] DEBUG FXGLAssetLoaderServi - Loading from file system: file:/D:/Project/MAVEN_PROJECT/CardAdventure/target/classes/assets/textures/player/soldier.png
13:47:34.571 [FXGL Background Thread 4 ] DEBUG FXGLAssetLoaderServi - Loading from file system: file:/D:/Project/MAVEN_PROJECT/CardAdventure/target/classes/assets/textures/targetDark.png
13:47:34.578 [FXGL Background Thread 4 ] DEBUG FXGLAssetLoaderServi - Loading from file system: file:/D:/Project/MAVEN_PROJECT/CardAdventure/target/classes/assets/textures/enemy/forestWolf.png
13:47:34.589 [FXGL Background Thread 4 ] INFO  FXGLApplication      - Game initialization took: 0.637 sec
13:47:34.589 [JavaFX Application Thread] DEBUG Input                - Clearing active input actions
13:47:34.599 [JavaFX Application Thread] DEBUG GameApplicationServi - Removing overlay from FXGLLoadingScene and adding to GameScene
13:47:34.600 [JavaFX Application Thread] DEBUG PrimaryStageWindow   - FXGLLoadingScene -> GameScene
13:47:36.179 [JavaFX Application Thread] DEBUG FXGLAssetLoaderServi - Loading from file system: file:/D:/Project/MAVEN_PROJECT/CardAdventure/target/classes/assets/textures/buttonLight.png
13:47:36.873 [FXGL Background Thread 3 ] DEBUG Engine               - Logging environment variables
13:47:36.873 [FXGL Background Thread 3 ] DEBUG Engine               - achievements: []
13:47:36.873 [FXGL Background Thread 3 ] DEBUG Engine               - actualHeight: 880.0
13:47:36.873 [FXGL Background Thread 3 ] DEBUG Engine               - actualHeightProperty: ReadOnlyDoubleProperty [value: 880.0]
13:47:36.873 [FXGL Background Thread 3 ] DEBUG Engine               - actualWidth: 1682.0
13:47:36.873 [FXGL Background Thread 3 ] DEBUG Engine               - actualWidthProperty: ReadOnlyDoubleProperty [value: 1682.0]
13:47:36.873 [FXGL Background Thread 3 ] DEBUG Engine               - appIcon: enemy/forestWolf.png
13:47:36.873 [FXGL Background Thread 3 ] DEBUG Engine               - applicationMode: DEVELOPER
13:47:36.874 [FXGL Background Thread 3 ] DEBUG Engine               - cSSList: [fxgl_dark.css]
13:47:36.874 [FXGL Background Thread 3 ] DEBUG Engine               - collisionDetectionStrategy: BRUTE_FORCE
13:47:36.874 [FXGL Background Thread 3 ] DEBUG Engine               - configClass: Optional.empty
13:47:36.874 [FXGL Background Thread 3 ] DEBUG Engine               - credits: []
13:47:36.874 [FXGL Background Thread 3 ] DEBUG Engine               - defaultCursor: CursorInfo(imageName=fxgl_default_cursor.png, hotspotX=7.0, hotspotY=6.0)
13:47:36.874 [FXGL Background Thread 3 ] DEBUG Engine               - devBBoxColorProperty: ObjectProperty [value: 0xff0000ff]
13:47:36.874 [FXGL Background Thread 3 ] DEBUG Engine               - devEnableDebugCameraProperty: BooleanProperty [value: false]
13:47:36.874 [FXGL Background Thread 3 ] DEBUG Engine               - devSensorColorProperty: ObjectProperty [value: 0xffff00ff]
13:47:36.874 [FXGL Background Thread 3 ] DEBUG Engine               - devShowBBoxProperty: BooleanProperty [value: false]
13:47:36.874 [FXGL Background Thread 3 ] DEBUG Engine               - devShowPositionProperty: BooleanProperty [value: false]
13:47:36.875 [FXGL Background Thread 3 ] DEBUG Engine               - enabledMenuItems: []
13:47:36.875 [FXGL Background Thread 3 ] DEBUG Engine               - engineServices: [class com.almasb.fxgl.app.services.FXGLAssetLoaderService, class com.almasb.fxgl.app.FXGLApplication$GameApplicationService, class com.almasb.fxgl.app.services.FXGLDialogService, class com.almasb.fxgl.app.services.IOTaskExecutorService, class com.almasb.fxgl.io.FileSystemService, class com.almasb.fxgl.localization.LocalizationService, class com.almasb.fxgl.app.services.SystemBundleService, class com.almasb.fxgl.profile.SaveLoadService, class com.almasb.fxgl.ui.FXGLUIFactoryServiceProvider, class com.almasb.fxgl.ui.FXGLDialogFactoryServiceProvider, class com.almasb.fxgl.audio.AudioPlayer, class com.almasb.fxgl.notification.impl.NotificationServiceProvider, class com.almasb.fxgl.achievement.AchievementService, class com.almasb.fxgl.cutscene.CutsceneService, class com.almasb.fxgl.minigames.MiniGameService, class com.almasb.fxgl.net.NetService, class com.almasb.fxgl.app.services.UpdaterService, class com.almasb.fxgl.dev.DevService]
13:47:36.875 [FXGL Background Thread 3 ] DEBUG Engine               - fontGame: Abel-Regular.ttf
13:47:36.875 [FXGL Background Thread 3 ] DEBUG Engine               - fontMono: TerminalLandMono-Regular.otf
13:47:36.875 [FXGL Background Thread 3 ] DEBUG Engine               - fontSizeScaleUI: 1.0
13:47:36.875 [FXGL Background Thread 3 ] DEBUG Engine               - fontText: Courier-Prime.ttf
13:47:36.876 [FXGL Background Thread 3 ] DEBUG Engine               - fontUI: VarelaRound-Regular.ttf
13:47:36.876 [FXGL Background Thread 3 ] DEBUG Engine               - fullScreen: BooleanProperty [value: false]
13:47:36.876 [FXGL Background Thread 3 ] DEBUG Engine               - gameDifficulty: MEDIUM
13:47:36.876 [FXGL Background Thread 3 ] DEBUG Engine               - gameDifficultyProperty: ObjectProperty [value: MEDIUM]
13:47:36.876 [FXGL Background Thread 3 ] DEBUG Engine               - globalMusicVolume: 0.5
13:47:36.876 [FXGL Background Thread 3 ] DEBUG Engine               - globalMusicVolumeProperty: DoubleProperty [value: 0.5]
13:47:36.876 [FXGL Background Thread 3 ] DEBUG Engine               - globalSoundVolume: 0.5
13:47:36.876 [FXGL Background Thread 3 ] DEBUG Engine               - globalSoundVolumeProperty: DoubleProperty [value: 0.5]
13:47:36.876 [FXGL Background Thread 3 ] DEBUG Engine               - height: 980
13:47:36.876 [FXGL Background Thread 3 ] DEBUG Engine               - is3D: false
13:47:36.876 [FXGL Background Thread 3 ] DEBUG Engine               - isAndroid: false
13:47:36.876 [FXGL Background Thread 3 ] DEBUG Engine               - isBrowser: false
13:47:36.876 [FXGL Background Thread 3 ] DEBUG Engine               - isClickFeedbackEnabled: false
13:47:36.876 [FXGL Background Thread 3 ] DEBUG Engine               - isCloseConfirmation: false
13:47:36.876 [FXGL Background Thread 3 ] DEBUG Engine               - isDesktop: true
13:47:36.876 [FXGL Background Thread 3 ] DEBUG Engine               - isDeveloperMenuEnabled: false
13:47:36.876 [FXGL Background Thread 3 ] DEBUG Engine               - isEmbedded: false
13:47:36.876 [FXGL Background Thread 3 ] DEBUG Engine               - isEntityPreloadEnabled: true
13:47:36.876 [FXGL Background Thread 3 ] DEBUG Engine               - isExperimentalTiledLargeMap: false
13:47:36.876 [FXGL Background Thread 3 ] DEBUG Engine               - isFileSystemWriteAllowed: true
13:47:36.876 [FXGL Background Thread 3 ] DEBUG Engine               - isFullScreenAllowed: false
13:47:36.876 [FXGL Background Thread 3 ] DEBUG Engine               - isFullScreenFromStart: false
13:47:36.876 [FXGL Background Thread 3 ] DEBUG Engine               - isGameMenuEnabled: true
13:47:36.876 [FXGL Background Thread 3 ] DEBUG Engine               - isIOS: false
13:47:36.876 [FXGL Background Thread 3 ] DEBUG Engine               - isIntroEnabled: false
13:47:36.876 [FXGL Background Thread 3 ] DEBUG Engine               - isLinux: false
13:47:36.876 [FXGL Background Thread 3 ] DEBUG Engine               - isMac: false
13:47:36.876 [FXGL Background Thread 3 ] DEBUG Engine               - isMainMenuEnabled: false
13:47:36.876 [FXGL Background Thread 3 ] DEBUG Engine               - isManualResizeEnabled: false
13:47:36.876 [FXGL Background Thread 3 ] DEBUG Engine               - isMobile: false
13:47:36.876 [FXGL Background Thread 3 ] DEBUG Engine               - isNative: false
13:47:36.876 [FXGL Background Thread 3 ] DEBUG Engine               - isPauseMusicWhenMinimized: true
13:47:36.876 [FXGL Background Thread 3 ] DEBUG Engine               - isPreserveResizeRatio: false
13:47:36.876 [FXGL Background Thread 3 ] DEBUG Engine               - isProfilingEnabled: false
13:47:36.876 [FXGL Background Thread 3 ] DEBUG Engine               - isScaleAffectedOnResize: true
13:47:36.876 [FXGL Background Thread 3 ] DEBUG Engine               - isSingleStep: false
13:47:36.877 [FXGL Background Thread 3 ] DEBUG Engine               - isUserProfileEnabled: false
13:47:36.877 [FXGL Background Thread 3 ] DEBUG Engine               - isWindows: true
13:47:36.877 [FXGL Background Thread 3 ] DEBUG Engine               - language: ObjectProperty [value: CHINESE]
13:47:36.877 [FXGL Background Thread 3 ] DEBUG Engine               - menuKey: ESCAPE
13:47:36.877 [FXGL Background Thread 3 ] DEBUG Engine               - mouseSensitivity: 0.2
13:47:36.877 [FXGL Background Thread 3 ] DEBUG Engine               - notificationViewClass: class com.almasb.fxgl.notification.view.XboxNotificationView
13:47:36.877 [FXGL Background Thread 3 ] DEBUG Engine               - pixelsPerMeter: 50.0
13:47:36.877 [FXGL Background Thread 3 ] DEBUG Engine               - platform: WINDOWS
13:47:36.877 [FXGL Background Thread 3 ] DEBUG Engine               - prefHeightProperty: ReadOnlyDoubleProperty [value: 980.0]
13:47:36.877 [FXGL Background Thread 3 ] DEBUG Engine               - prefWidthProperty: ReadOnlyDoubleProperty [value: 1900.0]
13:47:36.877 [FXGL Background Thread 3 ] DEBUG Engine               - profileDir: profiles/
13:47:36.877 [FXGL Background Thread 3 ] DEBUG Engine               - profileName: StringProperty [value: DEFAULT]
13:47:36.877 [FXGL Background Thread 3 ] DEBUG Engine               - randomSeed: -1
13:47:36.877 [FXGL Background Thread 3 ] DEBUG Engine               - runtimeInfo: RuntimeInfo(platform=WINDOWS, version=17.3, build=30.03.2023 11.49)
13:47:36.877 [FXGL Background Thread 3 ] DEBUG Engine               - saveFileExt: sav
13:47:36.877 [FXGL Background Thread 3 ] DEBUG Engine               - scaledHeightProp$fxgl: DoubleProperty [bound, value: 880.0]
13:47:36.877 [FXGL Background Thread 3 ] DEBUG Engine               - scaledWidthProp$fxgl: DoubleProperty [bound, value: 1682.0]
13:47:36.877 [FXGL Background Thread 3 ] DEBUG Engine               - sceneFactory: com.almasb.fxgl.app.scene.SceneFactory@5fe2096d
13:47:36.877 [FXGL Background Thread 3 ] DEBUG Engine               - secondsIn24h: 60
13:47:36.877 [FXGL Background Thread 3 ] DEBUG Engine               - soundMenuBack: menu/back.wav
13:47:36.877 [FXGL Background Thread 3 ] DEBUG Engine               - soundMenuPress: menu/press.wav
13:47:36.877 [FXGL Background Thread 3 ] DEBUG Engine               - soundMenuSelect: menu/select.wav
13:47:36.877 [FXGL Background Thread 3 ] DEBUG Engine               - soundNotification: core/notification.wav
13:47:36.877 [FXGL Background Thread 3 ] DEBUG Engine               - stageStyle: DECORATED
13:47:36.877 [FXGL Background Thread 3 ] DEBUG Engine               - supportedLanguages: [CHINESE, ENGLISH, FRENCH, GERMAN, HUNGARIAN, RUSSIAN]
13:47:36.877 [FXGL Background Thread 3 ] DEBUG Engine               - ticksPerSecond: -1
13:47:36.877 [FXGL Background Thread 3 ] DEBUG Engine               - title: 卡牌冒险
13:47:36.877 [FXGL Background Thread 3 ] DEBUG Engine               - urlGithub: https://github.com/AlmasB/FXGL
13:47:36.878 [FXGL Background Thread 3 ] DEBUG Engine               - urlLeaderboard: http://fxgl-top.herokuapp.com/
13:47:36.878 [FXGL Background Thread 3 ] DEBUG Engine               - urlPOM: https://raw.githubusercontent.com/AlmasB/FXGL/release/README.md
13:47:36.878 [FXGL Background Thread 3 ] DEBUG Engine               - userAppClass: class com.hjc.CardAdventure.CardAdventureApp
13:47:36.878 [FXGL Background Thread 3 ] DEBUG Engine               - version: 0.1
13:47:36.878 [FXGL Background Thread 3 ] DEBUG Engine               - versionCheckDays: 7
13:47:36.878 [FXGL Background Thread 3 ] DEBUG Engine               - width: 1900
13:47:36.878 [FXGL Background Thread 3 ] DEBUG Engine               - Logging services
13:47:36.878 [FXGL Background Thread 3 ] DEBUG Engine               - class com.almasb.fxgl.app.services.FXGLAssetLoaderService
13:47:36.878 [FXGL Background Thread 3 ] DEBUG Engine               - class com.almasb.fxgl.app.FXGLApplication$GameApplicationService
13:47:36.878 [FXGL Background Thread 3 ] DEBUG Engine               - class com.almasb.fxgl.app.services.FXGLDialogService
13:47:36.878 [FXGL Background Thread 3 ] DEBUG Engine               - class com.almasb.fxgl.app.services.IOTaskExecutorService
13:47:36.878 [FXGL Background Thread 3 ] DEBUG Engine               - class com.almasb.fxgl.io.FileSystemService
13:47:36.878 [FXGL Background Thread 3 ] DEBUG Engine               - class com.almasb.fxgl.localization.LocalizationService
13:47:36.878 [FXGL Background Thread 3 ] DEBUG Engine               - class com.almasb.fxgl.app.services.SystemBundleService
13:47:36.878 [FXGL Background Thread 3 ] DEBUG Engine               - class com.almasb.fxgl.profile.SaveLoadService
13:47:36.878 [FXGL Background Thread 3 ] DEBUG Engine               - class com.almasb.fxgl.ui.FXGLUIFactoryServiceProvider
13:47:36.878 [FXGL Background Thread 3 ] DEBUG Engine               - class com.almasb.fxgl.ui.FXGLDialogFactoryServiceProvider
13:47:36.878 [FXGL Background Thread 3 ] DEBUG Engine               - class com.almasb.fxgl.audio.AudioPlayer
13:47:36.878 [FXGL Background Thread 3 ] DEBUG Engine               - class com.almasb.fxgl.notification.impl.NotificationServiceProvider
13:47:36.878 [FXGL Background Thread 3 ] DEBUG Engine               - class com.almasb.fxgl.achievement.AchievementService
13:47:36.878 [FXGL Background Thread 3 ] DEBUG Engine               - class com.almasb.fxgl.cutscene.CutsceneService
13:47:36.878 [FXGL Background Thread 3 ] DEBUG Engine               - class com.almasb.fxgl.minigames.MiniGameService
13:47:36.878 [FXGL Background Thread 3 ] DEBUG Engine               - class com.almasb.fxgl.net.NetService
13:47:36.878 [FXGL Background Thread 3 ] DEBUG Engine               - class com.almasb.fxgl.app.services.UpdaterService
13:47:36.878 [FXGL Background Thread 3 ] DEBUG Engine               - class com.almasb.fxgl.dev.DevService
13:47:55.107 [FXGL Background Thread 2 ] WARN  UpdaterService       - Failed to find updates: java.net.ConnectException: Connection timed out: connect
13:48:02.498 [JavaFX Application Thread] DEBUG FXGLApplication      - Exiting FXGL
13:48:02.498 [JavaFX Application Thread] DEBUG LoopRunner           - Stopping loop
13:48:02.498 [JavaFX Application Thread] DEBUG SystemBundleService  - Saving FXGL system data
13:48:02.499 [JavaFX Application Thread] DEBUG FileSystemAccess     - Writing to: D:\Project\MAVEN_PROJECT\CardAdventure\system\fxgl.bundle
13:48:02.499 [JavaFX Application Thread] DEBUG Async                - Shutting down background threads
13:48:02.499 [JavaFX Application Thread] DEBUG PrimaryStageWindow   - Closing main window
13:48:02.511 [JavaFX Application Thread] DEBUG Logger               - Closing Logger
