14:03:15.529 [main                     ] DEBUG Logger               - Configured Logger
14:03:15.556 [main                     ] DEBUG GameApplication      - Logging settings
Title: 卡牌冒险
Version: 0.1
Width: 1900
Height: 980
Fullscreen: false
Intro: false
Profiling: false
Single step:false
App Mode: DEVELOPER
Menu Key: ESCAPE
Stage Style: DECORATED
Scene Factory: class com.almasb.fxgl.app.scene.SceneFactory

14:03:15.932 [JavaFX Application Thread] DEBUG FXGLApplication      - Initializing FXGL
14:03:15.936 [JavaFX Application Thread] INFO  Engine               - FXGL-17.3 (30.03.2023 11.49) on WINDOWS (J:17.0.6 FX:20)
14:03:15.936 [JavaFX Application Thread] DEBUG Engine               - JRE Vendor Name: Oracle Corporation
14:03:15.937 [JavaFX Application Thread] DEBUG Engine               - Running on OS: Windows 11 version 10.0
14:03:15.937 [JavaFX Application Thread] DEBUG Engine               - Architecture: amd64
14:03:15.937 [JavaFX Application Thread] INFO  Engine               - Source code and latest versions at: https://github.com/AlmasB/FXGL
14:03:15.937 [JavaFX Application Thread] INFO  Engine               -       Ask questions and discuss at: https://github.com/AlmasB/FXGL/discussions
14:03:15.937 [JavaFX Application Thread] INFO  Engine               -              Join the FXGL chat at: https://gitter.im/AlmasB/FXGL
14:03:16.003 [JavaFX Application Thread] DEBUG PrimaryStageWindow   - Creating a JavaFX scene
14:03:16.003 [JavaFX Application Thread] DEBUG PrimaryStageWindow   - Target size > screen size
14:03:16.036 [JavaFX Application Thread] DEBUG PrimaryStageWindow   - Target settings size: 1900.0 x 980.0
14:03:16.036 [JavaFX Application Thread] DEBUG PrimaryStageWindow   - Scaled scene size:    1682.0 x 880.0
14:03:16.036 [JavaFX Application Thread] DEBUG PrimaryStageWindow   - Scaled ratio: (0.8852631578947369, 0.8979591836734694)
14:03:16.038 [JavaFX Application Thread] DEBUG PrimaryStageWindow   - Set initial scene to FXGLStartupScene
14:03:16.041 [JavaFX Application Thread] DEBUG PrimaryStageWindow   - Opening main window
14:03:16.114 [JavaFX Application Thread] DEBUG PrimaryStageWindow   - Window border size: (14.6666259765625, 37.33331298828125)
14:03:16.114 [JavaFX Application Thread] DEBUG PrimaryStageWindow   - Scaled size: 1682.0 x 880.0
14:03:16.114 [JavaFX Application Thread] DEBUG PrimaryStageWindow   - Scaled ratio: (0.8852631578947369, 0.8979591836734694)
14:03:16.114 [JavaFX Application Thread] DEBUG PrimaryStageWindow   - Scene size: 1682.0 x 880.0
14:03:16.114 [JavaFX Application Thread] DEBUG PrimaryStageWindow   - Stage size: 1696.6666259765625 x 917.3333129882812
14:03:16.118 [FXGL Background Thread 1 ] DEBUG Engine               - Initializing environment variables
14:03:16.141 [FXGL Background Thread 1 ] DEBUG FXGLAssetLoaderServi - User app class for loading assets: class com.hjc.CardAdventure.CardAdventureApp
14:03:16.142 [FXGL Background Thread 1 ] DEBUG GameApplicationServi - Applying CSS: fxgl_dark.css
14:03:16.143 [FXGL Background Thread 1 ] DEBUG FXGLAssetLoaderServi - Loading from file system: jar:file:///C:/Users/HJC/.m2/repository/com/github/almasb/fxgl/17.3/fxgl-17.3.jar!/fxglassets/ui/css/fxgl_dark.css
14:03:16.176 [FXGL Background Thread 1 ] DEBUG GameApplicationServi - Initializing application scenes
14:03:16.247 [FXGL Background Thread 1 ] DEBUG GameWorld            - Game world initialized
14:03:16.296 [FXGL Background Thread 1 ] DEBUG PhysicsWorld         - Physics world initialized: appHeight=980, physics.ppm=50.0
14:03:16.296 [FXGL Background Thread 1 ] DEBUG PhysicsWorld         - Using strategy: BRUTE_FORCE
14:03:16.301 [FXGL Background Thread 1 ] DEBUG GameScene            - Game scene initialized: 1900x980
14:03:16.312 [FXGL Background Thread 1 ] DEBUG FXGL.DefaultMenu     - createMenuBodyGameMenu()
14:03:16.321 [FXGL Background Thread 1 ] DEBUG FXGL.DefaultMenu     - createOptionsMenu()
14:03:16.329 [FXGL Background Thread 1 ] DEBUG FXGLAssetLoaderServi - Loading from file system: jar:file:///C:/Users/HJC/.m2/repository/com/github/almasb/fxgl/17.3/fxgl-17.3.jar!/fxglassets/textures/particles/smoke.png
14:03:16.406 [FXGL Background Thread 1 ] DEBUG FXGLAssetLoaderServi - Loading from file system: jar:file:///C:/Users/HJC/.m2/repository/com/github/almasb/fxgl/17.3/fxgl-17.3.jar!/fxglassets/textures/particles/trace_horizontal.png
14:03:16.429 [FXGL Background Thread 1 ] DEBUG GameApplicationServi - Application scenes initialized
14:03:16.437 [FXGL Background Thread 1 ] DEBUG SystemBundleService  - Loading FXGL system data
14:03:16.438 [FXGL Background Thread 1 ] DEBUG FileSystemAccess     - Reading from: D:\Project\MAVEN_PROJECT\CardAdventure\system\fxgl.bundle
14:03:16.441 [FXGL Background Thread 1 ] DEBUG SystemBundleService  - Bundle FXGL: {}
14:03:16.441 [FXGL Background Thread 1 ] DEBUG UpdaterService       - Checking for updates
14:03:16.444 [FXGL Background Thread 4 ] DEBUG FXGLApplication      - Loading fonts
14:03:16.445 [FXGL Background Thread 1 ] DEBUG FXGLApplication      - Loading default localization
14:03:16.445 [FXGL Background Thread 4 ] DEBUG FXGLAssetLoaderServi - Loading from file system: jar:file:///C:/Users/HJC/.m2/repository/com/github/almasb/fxgl/17.3/fxgl-17.3.jar!/fxglassets/ui/fonts/VarelaRound-Regular.ttf
14:03:16.446 [FXGL Background Thread 1 ] DEBUG FXGLAssetLoaderServi - Loading from file system: file:/D:/Project/MAVEN_PROJECT/CardAdventure/target/classes/assets/languages/chinese.lang
14:03:16.462 [FXGL Background Thread 4 ] DEBUG FXGLAssetLoaderServi - Loading from file system: jar:file:///C:/Users/HJC/.m2/repository/com/github/almasb/fxgl/17.3/fxgl-17.3.jar!/fxglassets/ui/fonts/Abel-Regular.ttf
14:03:16.475 [FXGL Background Thread 4 ] DEBUG FXGLAssetLoaderServi - Loading from file system: jar:file:///C:/Users/HJC/.m2/repository/com/github/almasb/fxgl/17.3/fxgl-17.3.jar!/fxglassets/ui/fonts/TerminalLandMono-Regular.otf
14:03:16.485 [FXGL Background Thread 4 ] DEBUG FXGLAssetLoaderServi - Loading from file system: jar:file:///C:/Users/HJC/.m2/repository/com/github/almasb/fxgl/17.3/fxgl-17.3.jar!/fxglassets/ui/fonts/Courier-Prime.ttf
14:03:16.497 [JavaFX Application Thread] DEBUG FXGLApplication      - Registering font factories with UI factory
14:03:16.500 [FXGL Background Thread 1 ] INFO  FXGLApplication      - FXGL initialization took: 0.382 sec
14:03:16.501 [JavaFX Application Thread] DEBUG FXGLAssetLoaderServi - Loading from file system: file:/D:/Project/MAVEN_PROJECT/CardAdventure/target/classes/assets/textures/enemy/forestWolf.png
14:03:16.507 [JavaFX Application Thread] DEBUG FXGLAssetLoaderServi - Loading from file system: jar:file:///C:/Users/HJC/.m2/repository/com/github/almasb/fxgl/17.3/fxgl-17.3.jar!/fxglassets/textures/fxgl_default_cursor.png
14:03:16.519 [JavaFX Application Thread] DEBUG Input                - Registered new binding: Screenshot - CTRL+8
14:03:16.520 [JavaFX Application Thread] DEBUG Input                - Registered new binding: System info dump - CTRL+9
14:03:16.520 [JavaFX Application Thread] DEBUG Input                - Registered new binding: Restart - CTRL+R
14:03:16.520 [JavaFX Application Thread] DEBUG Input                - Registered new binding: Toggle Debug Camera - CTRL+7
14:03:16.522 [JavaFX Application Thread] DEBUG LoopRunner           - Starting loop
14:03:16.522 [JavaFX Application Thread] DEBUG LoopRunner           - Initializing JavaFX AnimationTimerLoop
14:03:16.523 [JavaFX Application Thread] DEBUG GameApplicationServi - Starting new game
14:03:16.524 [JavaFX Application Thread] DEBUG Input                - Clearing active input actions
14:03:16.535 [JavaFX Application Thread] DEBUG GameApplicationServi - Removing overlay from FXGLStartupScene and adding to FXGLLoadingScene
14:03:16.535 [JavaFX Application Thread] DEBUG PrimaryStageWindow   - FXGLStartupScene -> FXGLLoadingScene
14:03:16.535 [JavaFX Application Thread] DEBUG GameApplicationServi - Clearing previous game
14:03:16.535 [JavaFX Application Thread] DEBUG GameScene            - Clearing game scene
14:03:16.535 [JavaFX Application Thread] DEBUG GameWorld            - Clearing game world
14:03:16.536 [JavaFX Application Thread] DEBUG PhysicsWorld         - Clearing physics world
14:03:16.537 [FXGL Background Thread 1 ] DEBUG FXGLApplication      - Initializing game
14:03:16.540 [FXGL Background Thread 1 ] DEBUG FXGLAssetLoaderServi - Loading JSON from: file:/D:/Project/MAVEN_PROJECT/CardAdventure/target/classes/assets/data/player/soldier.json
14:03:16.725 [FXGL Background Thread 1 ] DEBUG FXGLAssetLoaderServi - Loading from file system: file:/D:/Project/MAVEN_PROJECT/CardAdventure/target/classes/assets/textures/playerBlood.png
14:03:16.730 [FXGL Background Thread 1 ] DEBUG FXGLAssetLoaderServi - Loading from file system: file:/D:/Project/MAVEN_PROJECT/CardAdventure/target/classes/assets/textures/gold.png
14:03:16.733 [FXGL Background Thread 1 ] DEBUG FXGLAssetLoaderServi - Loading from file system: file:/D:/Project/MAVEN_PROJECT/CardAdventure/target/classes/assets/textures/medicine.png
14:03:16.738 [FXGL Background Thread 1 ] DEBUG FXGLAssetLoaderServi - Loading JSON from: file:/D:/Project/MAVEN_PROJECT/CardAdventure/target/classes/assets/data/card/soldier/strike.json
14:03:16.750 [FXGL Background Thread 1 ] DEBUG FXGLAssetLoaderServi - Loading JSON from: file:/D:/Project/MAVEN_PROJECT/CardAdventure/target/classes/assets/data/card/soldier/strike.json
14:03:16.753 [FXGL Background Thread 1 ] DEBUG FXGLAssetLoaderServi - Loading JSON from: file:/D:/Project/MAVEN_PROJECT/CardAdventure/target/classes/assets/data/card/soldier/strike.json
14:03:16.757 [FXGL Background Thread 1 ] DEBUG FXGLAssetLoaderServi - Loading JSON from: file:/D:/Project/MAVEN_PROJECT/CardAdventure/target/classes/assets/data/card/soldier/strike.json
14:03:16.760 [FXGL Background Thread 1 ] DEBUG FXGLAssetLoaderServi - Loading JSON from: file:/D:/Project/MAVEN_PROJECT/CardAdventure/target/classes/assets/data/card/soldier/strike.json
14:03:16.763 [FXGL Background Thread 1 ] DEBUG FXGLAssetLoaderServi - Loading JSON from: file:/D:/Project/MAVEN_PROJECT/CardAdventure/target/classes/assets/data/card/soldier/strike.json
14:03:16.765 [FXGL Background Thread 1 ] DEBUG FXGLAssetLoaderServi - Loading JSON from: file:/D:/Project/MAVEN_PROJECT/CardAdventure/target/classes/assets/data/card/soldier/strike.json
14:03:16.768 [FXGL Background Thread 1 ] DEBUG FXGLAssetLoaderServi - Loading JSON from: file:/D:/Project/MAVEN_PROJECT/CardAdventure/target/classes/assets/data/card/soldier/strike.json
14:03:16.770 [FXGL Background Thread 1 ] DEBUG FXGLAssetLoaderServi - Loading JSON from: file:/D:/Project/MAVEN_PROJECT/CardAdventure/target/classes/assets/data/card/soldier/strike.json
14:03:16.773 [FXGL Background Thread 1 ] DEBUG FXGLAssetLoaderServi - Loading JSON from: file:/D:/Project/MAVEN_PROJECT/CardAdventure/target/classes/assets/data/card/soldier/strike.json
14:03:16.775 [FXGL Background Thread 1 ] DEBUG FXGLAssetLoaderServi - Loading JSON from: file:/D:/Project/MAVEN_PROJECT/CardAdventure/target/classes/assets/data/card/soldier/strike.json
14:03:16.777 [FXGL Background Thread 1 ] DEBUG FXGLAssetLoaderServi - Loading JSON from: file:/D:/Project/MAVEN_PROJECT/CardAdventure/target/classes/assets/data/card/soldier/strike.json
14:03:16.780 [FXGL Background Thread 1 ] DEBUG FXGLAssetLoaderServi - Loading JSON from: file:/D:/Project/MAVEN_PROJECT/CardAdventure/target/classes/assets/data/card/soldier/strike.json
14:03:16.782 [FXGL Background Thread 1 ] DEBUG FXGLAssetLoaderServi - Loading JSON from: file:/D:/Project/MAVEN_PROJECT/CardAdventure/target/classes/assets/data/card/soldier/strike.json
14:03:16.784 [FXGL Background Thread 1 ] DEBUG FXGLAssetLoaderServi - Loading JSON from: file:/D:/Project/MAVEN_PROJECT/CardAdventure/target/classes/assets/data/card/soldier/strike.json
14:03:16.788 [FXGL Background Thread 1 ] DEBUG FXGLAssetLoaderServi - Loading JSON from: file:/D:/Project/MAVEN_PROJECT/CardAdventure/target/classes/assets/data/card/soldier/strike.json
14:03:16.794 [FXGL Background Thread 1 ] DEBUG FXGLAssetLoaderServi - Loading JSON from: file:/D:/Project/MAVEN_PROJECT/CardAdventure/target/classes/assets/data/card/soldier/strike.json
14:03:16.798 [FXGL Background Thread 1 ] DEBUG FXGLAssetLoaderServi - Loading JSON from: file:/D:/Project/MAVEN_PROJECT/CardAdventure/target/classes/assets/data/card/soldier/strike.json
14:03:16.800 [FXGL Background Thread 1 ] DEBUG FXGLAssetLoaderServi - Loading JSON from: file:/D:/Project/MAVEN_PROJECT/CardAdventure/target/classes/assets/data/card/soldier/strike.json
14:03:16.802 [FXGL Background Thread 1 ] DEBUG FXGLAssetLoaderServi - Loading JSON from: file:/D:/Project/MAVEN_PROJECT/CardAdventure/target/classes/assets/data/card/soldier/strike.json
14:03:16.809 [FXGL Background Thread 1 ] DEBUG FXGLAssetLoaderServi - Loading JSON from: file:/D:/Project/MAVEN_PROJECT/CardAdventure/target/classes/assets/data/enemy/forestWolf.json
14:03:16.832 [FXGL Background Thread 1 ] DEBUG FXGLAssetLoaderServi - Loading from file system: file:/D:/Project/MAVEN_PROJECT/CardAdventure/target/classes/assets/textures/playerAttributeBox.png
14:03:16.885 [FXGL Background Thread 1 ] DEBUG FXGLAssetLoaderServi - Loading from file system: file:/D:/Project/MAVEN_PROJECT/CardAdventure/target/classes/assets/textures/cardBox.png
14:03:16.899 [FXGL Background Thread 1 ] DEBUG FXGLAssetLoaderServi - Loading from file system: file:/D:/Project/MAVEN_PROJECT/CardAdventure/target/classes/assets/textures/cardBack/cardBack%23ff0000.png
14:03:16.923 [FXGL Background Thread 1 ] DEBUG FXGLAssetLoaderServi - Loading from file system: file:/D:/Project/MAVEN_PROJECT/CardAdventure/target/classes/assets/textures/buttonDark.png
14:03:16.930 [FXGL Background Thread 1 ] DEBUG FXGLAssetLoaderServi - Loading from file system: file:/D:/Project/MAVEN_PROJECT/CardAdventure/target/classes/assets/textures/hourglass.jpg
14:03:17.138 [FXGL Background Thread 1 ] DEBUG FXGLAssetLoaderServi - Loading from file system: file:/D:/Project/MAVEN_PROJECT/CardAdventure/target/classes/assets/textures/player/soldier.png
14:03:17.141 [FXGL Background Thread 1 ] DEBUG FXGLAssetLoaderServi - Loading from file system: file:/D:/Project/MAVEN_PROJECT/CardAdventure/target/classes/assets/textures/targetDark.png
14:03:17.147 [FXGL Background Thread 1 ] DEBUG FXGLAssetLoaderServi - Loading from file system: file:/D:/Project/MAVEN_PROJECT/CardAdventure/target/classes/assets/textures/enemy/forestWolf.png
14:03:17.159 [FXGL Background Thread 1 ] INFO  FXGLApplication      - Game initialization took: 0.623 sec
14:03:17.160 [JavaFX Application Thread] DEBUG Input                - Clearing active input actions
14:03:17.170 [JavaFX Application Thread] DEBUG GameApplicationServi - Removing overlay from FXGLLoadingScene and adding to GameScene
14:03:17.171 [JavaFX Application Thread] DEBUG PrimaryStageWindow   - FXGLLoadingScene -> GameScene
14:03:18.160 [FXGL Background Thread 2 ] INFO  UpdaterService       - Your current version:  17.3
14:03:18.160 [FXGL Background Thread 2 ] INFO  UpdaterService       - Latest stable version: 21.1
14:03:19.445 [FXGL Background Thread 3 ] DEBUG Engine               - Logging environment variables
14:03:19.445 [FXGL Background Thread 3 ] DEBUG Engine               - achievements: []
14:03:19.445 [FXGL Background Thread 3 ] DEBUG Engine               - actualHeight: 880.0
14:03:19.445 [FXGL Background Thread 3 ] DEBUG Engine               - actualHeightProperty: ReadOnlyDoubleProperty [value: 880.0]
14:03:19.445 [FXGL Background Thread 3 ] DEBUG Engine               - actualWidth: 1682.0
14:03:19.445 [FXGL Background Thread 3 ] DEBUG Engine               - actualWidthProperty: ReadOnlyDoubleProperty [value: 1682.0]
14:03:19.445 [FXGL Background Thread 3 ] DEBUG Engine               - appIcon: enemy/forestWolf.png
14:03:19.445 [FXGL Background Thread 3 ] DEBUG Engine               - applicationMode: DEVELOPER
14:03:19.445 [FXGL Background Thread 3 ] DEBUG Engine               - cSSList: [fxgl_dark.css]
14:03:19.445 [FXGL Background Thread 3 ] DEBUG Engine               - collisionDetectionStrategy: BRUTE_FORCE
14:03:19.445 [FXGL Background Thread 3 ] DEBUG Engine               - configClass: Optional.empty
14:03:19.445 [FXGL Background Thread 3 ] DEBUG Engine               - credits: []
14:03:19.446 [FXGL Background Thread 3 ] DEBUG Engine               - defaultCursor: CursorInfo(imageName=fxgl_default_cursor.png, hotspotX=7.0, hotspotY=6.0)
14:03:19.446 [FXGL Background Thread 3 ] DEBUG Engine               - devBBoxColorProperty: ObjectProperty [value: 0xff0000ff]
14:03:19.446 [FXGL Background Thread 3 ] DEBUG Engine               - devEnableDebugCameraProperty: BooleanProperty [value: false]
14:03:19.446 [FXGL Background Thread 3 ] DEBUG Engine               - devSensorColorProperty: ObjectProperty [value: 0xffff00ff]
14:03:19.446 [FXGL Background Thread 3 ] DEBUG Engine               - devShowBBoxProperty: BooleanProperty [value: false]
14:03:19.446 [FXGL Background Thread 3 ] DEBUG Engine               - devShowPositionProperty: BooleanProperty [value: false]
14:03:19.446 [FXGL Background Thread 3 ] DEBUG Engine               - enabledMenuItems: []
14:03:19.446 [FXGL Background Thread 3 ] DEBUG Engine               - engineServices: [class com.almasb.fxgl.app.services.FXGLAssetLoaderService, class com.almasb.fxgl.app.FXGLApplication$GameApplicationService, class com.almasb.fxgl.app.services.FXGLDialogService, class com.almasb.fxgl.app.services.IOTaskExecutorService, class com.almasb.fxgl.io.FileSystemService, class com.almasb.fxgl.localization.LocalizationService, class com.almasb.fxgl.app.services.SystemBundleService, class com.almasb.fxgl.profile.SaveLoadService, class com.almasb.fxgl.ui.FXGLUIFactoryServiceProvider, class com.almasb.fxgl.ui.FXGLDialogFactoryServiceProvider, class com.almasb.fxgl.audio.AudioPlayer, class com.almasb.fxgl.notification.impl.NotificationServiceProvider, class com.almasb.fxgl.achievement.AchievementService, class com.almasb.fxgl.cutscene.CutsceneService, class com.almasb.fxgl.minigames.MiniGameService, class com.almasb.fxgl.net.NetService, class com.almasb.fxgl.app.services.UpdaterService, class com.almasb.fxgl.dev.DevService]
14:03:19.446 [FXGL Background Thread 3 ] DEBUG Engine               - fontGame: Abel-Regular.ttf
14:03:19.446 [FXGL Background Thread 3 ] DEBUG Engine               - fontMono: TerminalLandMono-Regular.otf
14:03:19.446 [FXGL Background Thread 3 ] DEBUG Engine               - fontSizeScaleUI: 1.0
14:03:19.446 [FXGL Background Thread 3 ] DEBUG Engine               - fontText: Courier-Prime.ttf
14:03:19.446 [FXGL Background Thread 3 ] DEBUG Engine               - fontUI: VarelaRound-Regular.ttf
14:03:19.446 [FXGL Background Thread 3 ] DEBUG Engine               - fullScreen: BooleanProperty [value: false]
14:03:19.446 [FXGL Background Thread 3 ] DEBUG Engine               - gameDifficulty: MEDIUM
14:03:19.446 [FXGL Background Thread 3 ] DEBUG Engine               - gameDifficultyProperty: ObjectProperty [value: MEDIUM]
14:03:19.446 [FXGL Background Thread 3 ] DEBUG Engine               - globalMusicVolume: 0.5
14:03:19.446 [FXGL Background Thread 3 ] DEBUG Engine               - globalMusicVolumeProperty: DoubleProperty [value: 0.5]
14:03:19.446 [FXGL Background Thread 3 ] DEBUG Engine               - globalSoundVolume: 0.5
14:03:19.446 [FXGL Background Thread 3 ] DEBUG Engine               - globalSoundVolumeProperty: DoubleProperty [value: 0.5]
14:03:19.447 [FXGL Background Thread 3 ] DEBUG Engine               - height: 980
14:03:19.447 [FXGL Background Thread 3 ] DEBUG Engine               - is3D: false
14:03:19.448 [FXGL Background Thread 3 ] DEBUG Engine               - isAndroid: false
14:03:19.448 [FXGL Background Thread 3 ] DEBUG Engine               - isBrowser: false
14:03:19.448 [FXGL Background Thread 3 ] DEBUG Engine               - isClickFeedbackEnabled: false
14:03:19.448 [FXGL Background Thread 3 ] DEBUG Engine               - isCloseConfirmation: false
14:03:19.448 [FXGL Background Thread 3 ] DEBUG Engine               - isDesktop: true
14:03:19.448 [FXGL Background Thread 3 ] DEBUG Engine               - isDeveloperMenuEnabled: false
14:03:19.448 [FXGL Background Thread 3 ] DEBUG Engine               - isEmbedded: false
14:03:19.448 [FXGL Background Thread 3 ] DEBUG Engine               - isEntityPreloadEnabled: true
14:03:19.448 [FXGL Background Thread 3 ] DEBUG Engine               - isExperimentalTiledLargeMap: false
14:03:19.448 [FXGL Background Thread 3 ] DEBUG Engine               - isFileSystemWriteAllowed: true
14:03:19.448 [FXGL Background Thread 3 ] DEBUG Engine               - isFullScreenAllowed: false
14:03:19.448 [FXGL Background Thread 3 ] DEBUG Engine               - isFullScreenFromStart: false
14:03:19.448 [FXGL Background Thread 3 ] DEBUG Engine               - isGameMenuEnabled: true
14:03:19.448 [FXGL Background Thread 3 ] DEBUG Engine               - isIOS: false
14:03:19.448 [FXGL Background Thread 3 ] DEBUG Engine               - isIntroEnabled: false
14:03:19.448 [FXGL Background Thread 3 ] DEBUG Engine               - isLinux: false
14:03:19.448 [FXGL Background Thread 3 ] DEBUG Engine               - isMac: false
14:03:19.448 [FXGL Background Thread 3 ] DEBUG Engine               - isMainMenuEnabled: false
14:03:19.448 [FXGL Background Thread 3 ] DEBUG Engine               - isManualResizeEnabled: false
14:03:19.449 [FXGL Background Thread 3 ] DEBUG Engine               - isMobile: false
14:03:19.449 [FXGL Background Thread 3 ] DEBUG Engine               - isNative: false
14:03:19.449 [FXGL Background Thread 3 ] DEBUG Engine               - isPauseMusicWhenMinimized: true
14:03:19.449 [FXGL Background Thread 3 ] DEBUG Engine               - isPreserveResizeRatio: false
14:03:19.449 [FXGL Background Thread 3 ] DEBUG Engine               - isProfilingEnabled: false
14:03:19.449 [FXGL Background Thread 3 ] DEBUG Engine               - isScaleAffectedOnResize: true
14:03:19.449 [FXGL Background Thread 3 ] DEBUG Engine               - isSingleStep: false
14:03:19.449 [FXGL Background Thread 3 ] DEBUG Engine               - isUserProfileEnabled: false
14:03:19.449 [FXGL Background Thread 3 ] DEBUG Engine               - isWindows: true
14:03:19.449 [FXGL Background Thread 3 ] DEBUG Engine               - language: ObjectProperty [value: CHINESE]
14:03:19.449 [FXGL Background Thread 3 ] DEBUG Engine               - menuKey: ESCAPE
14:03:19.449 [FXGL Background Thread 3 ] DEBUG Engine               - mouseSensitivity: 0.2
14:03:19.449 [FXGL Background Thread 3 ] DEBUG Engine               - notificationViewClass: class com.almasb.fxgl.notification.view.XboxNotificationView
14:03:19.449 [FXGL Background Thread 3 ] DEBUG Engine               - pixelsPerMeter: 50.0
14:03:19.449 [FXGL Background Thread 3 ] DEBUG Engine               - platform: WINDOWS
14:03:19.449 [FXGL Background Thread 3 ] DEBUG Engine               - prefHeightProperty: ReadOnlyDoubleProperty [value: 980.0]
14:03:19.449 [FXGL Background Thread 3 ] DEBUG Engine               - prefWidthProperty: ReadOnlyDoubleProperty [value: 1900.0]
14:03:19.449 [FXGL Background Thread 3 ] DEBUG Engine               - profileDir: profiles/
14:03:19.449 [FXGL Background Thread 3 ] DEBUG Engine               - profileName: StringProperty [value: DEFAULT]
14:03:19.449 [FXGL Background Thread 3 ] DEBUG Engine               - randomSeed: -1
14:03:19.449 [FXGL Background Thread 3 ] DEBUG Engine               - runtimeInfo: RuntimeInfo(platform=WINDOWS, version=17.3, build=30.03.2023 11.49)
14:03:19.449 [FXGL Background Thread 3 ] DEBUG Engine               - saveFileExt: sav
14:03:19.449 [FXGL Background Thread 3 ] DEBUG Engine               - scaledHeightProp$fxgl: DoubleProperty [bound, value: 880.0]
14:03:19.449 [FXGL Background Thread 3 ] DEBUG Engine               - scaledWidthProp$fxgl: DoubleProperty [bound, value: 1682.0]
14:03:19.449 [FXGL Background Thread 3 ] DEBUG Engine               - sceneFactory: com.almasb.fxgl.app.scene.SceneFactory@47e16726
14:03:19.449 [FXGL Background Thread 3 ] DEBUG Engine               - secondsIn24h: 60
14:03:19.449 [FXGL Background Thread 3 ] DEBUG Engine               - soundMenuBack: menu/back.wav
14:03:19.449 [FXGL Background Thread 3 ] DEBUG Engine               - soundMenuPress: menu/press.wav
14:03:19.449 [FXGL Background Thread 3 ] DEBUG Engine               - soundMenuSelect: menu/select.wav
14:03:19.449 [FXGL Background Thread 3 ] DEBUG Engine               - soundNotification: core/notification.wav
14:03:19.449 [FXGL Background Thread 3 ] DEBUG Engine               - stageStyle: DECORATED
14:03:19.449 [FXGL Background Thread 3 ] DEBUG Engine               - supportedLanguages: [CHINESE, ENGLISH, FRENCH, GERMAN, HUNGARIAN, RUSSIAN]
14:03:19.449 [FXGL Background Thread 3 ] DEBUG Engine               - ticksPerSecond: -1
14:03:19.449 [FXGL Background Thread 3 ] DEBUG Engine               - title: 卡牌冒险
14:03:19.450 [FXGL Background Thread 3 ] DEBUG Engine               - urlGithub: https://github.com/AlmasB/FXGL
14:03:19.450 [FXGL Background Thread 3 ] DEBUG Engine               - urlLeaderboard: http://fxgl-top.herokuapp.com/
14:03:19.450 [FXGL Background Thread 3 ] DEBUG Engine               - urlPOM: https://raw.githubusercontent.com/AlmasB/FXGL/release/README.md
14:03:19.450 [FXGL Background Thread 3 ] DEBUG Engine               - userAppClass: class com.hjc.CardAdventure.CardAdventureApp
14:03:19.450 [FXGL Background Thread 3 ] DEBUG Engine               - version: 0.1
14:03:19.450 [FXGL Background Thread 3 ] DEBUG Engine               - versionCheckDays: 7
14:03:19.451 [FXGL Background Thread 3 ] DEBUG Engine               - width: 1900
14:03:19.451 [FXGL Background Thread 3 ] DEBUG Engine               - Logging services
14:03:19.451 [FXGL Background Thread 3 ] DEBUG Engine               - class com.almasb.fxgl.app.services.FXGLAssetLoaderService
14:03:19.452 [FXGL Background Thread 3 ] DEBUG Engine               - class com.almasb.fxgl.app.FXGLApplication$GameApplicationService
14:03:19.452 [FXGL Background Thread 3 ] DEBUG Engine               - class com.almasb.fxgl.app.services.FXGLDialogService
14:03:19.452 [FXGL Background Thread 3 ] DEBUG Engine               - class com.almasb.fxgl.app.services.IOTaskExecutorService
14:03:19.452 [FXGL Background Thread 3 ] DEBUG Engine               - class com.almasb.fxgl.io.FileSystemService
14:03:19.452 [FXGL Background Thread 3 ] DEBUG Engine               - class com.almasb.fxgl.localization.LocalizationService
14:03:19.452 [FXGL Background Thread 3 ] DEBUG Engine               - class com.almasb.fxgl.app.services.SystemBundleService
14:03:19.452 [FXGL Background Thread 3 ] DEBUG Engine               - class com.almasb.fxgl.profile.SaveLoadService
14:03:19.452 [FXGL Background Thread 3 ] DEBUG Engine               - class com.almasb.fxgl.ui.FXGLUIFactoryServiceProvider
14:03:19.452 [FXGL Background Thread 3 ] DEBUG Engine               - class com.almasb.fxgl.ui.FXGLDialogFactoryServiceProvider
14:03:19.452 [FXGL Background Thread 3 ] DEBUG Engine               - class com.almasb.fxgl.audio.AudioPlayer
14:03:19.452 [FXGL Background Thread 3 ] DEBUG Engine               - class com.almasb.fxgl.notification.impl.NotificationServiceProvider
14:03:19.452 [FXGL Background Thread 3 ] DEBUG Engine               - class com.almasb.fxgl.achievement.AchievementService
14:03:19.452 [FXGL Background Thread 3 ] DEBUG Engine               - class com.almasb.fxgl.cutscene.CutsceneService
14:03:19.452 [FXGL Background Thread 3 ] DEBUG Engine               - class com.almasb.fxgl.minigames.MiniGameService
14:03:19.452 [FXGL Background Thread 3 ] DEBUG Engine               - class com.almasb.fxgl.net.NetService
14:03:19.452 [FXGL Background Thread 3 ] DEBUG Engine               - class com.almasb.fxgl.app.services.UpdaterService
14:03:19.452 [FXGL Background Thread 3 ] DEBUG Engine               - class com.almasb.fxgl.dev.DevService
14:03:23.682 [JavaFX Application Thread] DEBUG FXGLAssetLoaderServi - Loading from file system: file:/D:/Project/MAVEN_PROJECT/CardAdventure/target/classes/assets/textures/buttonLight.png
14:03:34.162 [JavaFX Application Thread] DEBUG FXGLApplication      - Exiting FXGL
14:03:34.162 [JavaFX Application Thread] DEBUG LoopRunner           - Stopping loop
14:03:34.162 [JavaFX Application Thread] DEBUG SystemBundleService  - Saving FXGL system data
14:03:34.162 [JavaFX Application Thread] DEBUG FileSystemAccess     - Writing to: D:\Project\MAVEN_PROJECT\CardAdventure\system\fxgl.bundle
14:03:34.162 [JavaFX Application Thread] DEBUG Async                - Shutting down background threads
14:03:34.162 [JavaFX Application Thread] DEBUG PrimaryStageWindow   - Closing main window
14:03:34.174 [JavaFX Application Thread] DEBUG Logger               - Closing Logger
