14:02:37.656 [main                     ] DEBUG Logger               - Configured Logger
14:02:37.680 [main                     ] DEBUG GameApplication      - Logging settings
Title: 卡牌冒险
Version: 0.1
Width: 1900
Height: 980
Fullscreen: false
Intro: false
Profiling: false
Single step:false
App Mode: DEVELOPER
Menu Key: ESCAPE
Stage Style: DECORATED
Scene Factory: class com.almasb.fxgl.app.scene.SceneFactory

14:02:38.077 [JavaFX Application Thread] DEBUG FXGLApplication      - Initializing FXGL
14:02:38.081 [JavaFX Application Thread] INFO  Engine               - FXGL-17.3 (30.03.2023 11.49) on WINDOWS (J:17.0.6 FX:20)
14:02:38.081 [JavaFX Application Thread] DEBUG Engine               - JRE Vendor Name: Oracle Corporation
14:02:38.082 [JavaFX Application Thread] DEBUG Engine               - Running on OS: Windows 11 version 10.0
14:02:38.082 [JavaFX Application Thread] DEBUG Engine               - Architecture: amd64
14:02:38.082 [JavaFX Application Thread] INFO  Engine               - Source code and latest versions at: https://github.com/AlmasB/FXGL
14:02:38.082 [JavaFX Application Thread] INFO  Engine               -       Ask questions and discuss at: https://github.com/AlmasB/FXGL/discussions
14:02:38.082 [JavaFX Application Thread] INFO  Engine               -              Join the FXGL chat at: https://gitter.im/AlmasB/FXGL
14:02:38.148 [JavaFX Application Thread] DEBUG PrimaryStageWindow   - Creating a JavaFX scene
14:02:38.148 [JavaFX Application Thread] DEBUG PrimaryStageWindow   - Target size > screen size
14:02:38.178 [JavaFX Application Thread] DEBUG PrimaryStageWindow   - Target settings size: 1900.0 x 980.0
14:02:38.179 [JavaFX Application Thread] DEBUG PrimaryStageWindow   - Scaled scene size:    1682.0 x 880.0
14:02:38.179 [JavaFX Application Thread] DEBUG PrimaryStageWindow   - Scaled ratio: (0.8852631578947369, 0.8979591836734694)
14:02:38.180 [JavaFX Application Thread] DEBUG PrimaryStageWindow   - Set initial scene to FXGLStartupScene
14:02:38.186 [JavaFX Application Thread] DEBUG PrimaryStageWindow   - Opening main window
14:02:38.255 [JavaFX Application Thread] DEBUG PrimaryStageWindow   - Window border size: (14.6666259765625, 37.33331298828125)
14:02:38.256 [JavaFX Application Thread] DEBUG PrimaryStageWindow   - Scaled size: 1682.0 x 880.0
14:02:38.256 [JavaFX Application Thread] DEBUG PrimaryStageWindow   - Scaled ratio: (0.8852631578947369, 0.8979591836734694)
14:02:38.256 [JavaFX Application Thread] DEBUG PrimaryStageWindow   - Scene size: 1682.0 x 880.0
14:02:38.256 [JavaFX Application Thread] DEBUG PrimaryStageWindow   - Stage size: 1696.6666259765625 x 917.3333129882812
14:02:38.260 [FXGL Background Thread 1 ] DEBUG Engine               - Initializing environment variables
14:02:38.280 [FXGL Background Thread 1 ] DEBUG FXGLAssetLoaderServi - User app class for loading assets: class com.hjc.CardAdventure.CardAdventureApp
14:02:38.280 [FXGL Background Thread 1 ] DEBUG GameApplicationServi - Applying CSS: fxgl_dark.css
14:02:38.281 [FXGL Background Thread 1 ] DEBUG FXGLAssetLoaderServi - Loading from file system: jar:file:///C:/Users/HJC/.m2/repository/com/github/almasb/fxgl/17.3/fxgl-17.3.jar!/fxglassets/ui/css/fxgl_dark.css
14:02:38.316 [FXGL Background Thread 1 ] DEBUG GameApplicationServi - Initializing application scenes
14:02:38.377 [FXGL Background Thread 1 ] DEBUG GameWorld            - Game world initialized
14:02:38.423 [FXGL Background Thread 1 ] DEBUG PhysicsWorld         - Physics world initialized: appHeight=980, physics.ppm=50.0
14:02:38.424 [FXGL Background Thread 1 ] DEBUG PhysicsWorld         - Using strategy: BRUTE_FORCE
14:02:38.427 [FXGL Background Thread 1 ] DEBUG GameScene            - Game scene initialized: 1900x980
14:02:38.436 [FXGL Background Thread 1 ] DEBUG FXGL.DefaultMenu     - createMenuBodyGameMenu()
14:02:38.445 [FXGL Background Thread 1 ] DEBUG FXGL.DefaultMenu     - createOptionsMenu()
14:02:38.452 [FXGL Background Thread 1 ] DEBUG FXGLAssetLoaderServi - Loading from file system: jar:file:///C:/Users/HJC/.m2/repository/com/github/almasb/fxgl/17.3/fxgl-17.3.jar!/fxglassets/textures/particles/smoke.png
14:02:38.532 [FXGL Background Thread 1 ] DEBUG FXGLAssetLoaderServi - Loading from file system: jar:file:///C:/Users/HJC/.m2/repository/com/github/almasb/fxgl/17.3/fxgl-17.3.jar!/fxglassets/textures/particles/trace_horizontal.png
14:02:38.555 [FXGL Background Thread 1 ] DEBUG GameApplicationServi - Application scenes initialized
14:02:38.563 [FXGL Background Thread 1 ] DEBUG SystemBundleService  - Loading FXGL system data
14:02:38.565 [FXGL Background Thread 1 ] DEBUG FileSystemAccess     - Reading from: D:\Project\MAVEN_PROJECT\CardAdventure\system\fxgl.bundle
14:02:38.567 [FXGL Background Thread 1 ] DEBUG SystemBundleService  - Bundle FXGL: {}
14:02:38.567 [FXGL Background Thread 1 ] DEBUG UpdaterService       - Checking for updates
14:02:38.571 [FXGL Background Thread 4 ] DEBUG FXGLApplication      - Loading fonts
14:02:38.571 [FXGL Background Thread 4 ] DEBUG FXGLAssetLoaderServi - Loading from file system: jar:file:///C:/Users/HJC/.m2/repository/com/github/almasb/fxgl/17.3/fxgl-17.3.jar!/fxglassets/ui/fonts/VarelaRound-Regular.ttf
14:02:38.571 [FXGL Background Thread 1 ] DEBUG FXGLApplication      - Loading default localization
14:02:38.572 [FXGL Background Thread 1 ] DEBUG FXGLAssetLoaderServi - Loading from file system: file:/D:/Project/MAVEN_PROJECT/CardAdventure/target/classes/assets/languages/chinese.lang
14:02:38.587 [FXGL Background Thread 4 ] DEBUG FXGLAssetLoaderServi - Loading from file system: jar:file:///C:/Users/HJC/.m2/repository/com/github/almasb/fxgl/17.3/fxgl-17.3.jar!/fxglassets/ui/fonts/Abel-Regular.ttf
14:02:38.598 [FXGL Background Thread 4 ] DEBUG FXGLAssetLoaderServi - Loading from file system: jar:file:///C:/Users/HJC/.m2/repository/com/github/almasb/fxgl/17.3/fxgl-17.3.jar!/fxglassets/ui/fonts/TerminalLandMono-Regular.otf
14:02:38.599 [FXGL Background Thread 1 ] INFO  FXGLApplication      - FXGL initialization took: 0.338 sec
14:02:38.600 [JavaFX Application Thread] DEBUG FXGLAssetLoaderServi - Loading from file system: file:/D:/Project/MAVEN_PROJECT/CardAdventure/target/classes/assets/textures/enemy/forestWolf.png
14:02:38.608 [FXGL Background Thread 4 ] DEBUG FXGLAssetLoaderServi - Loading from file system: jar:file:///C:/Users/HJC/.m2/repository/com/github/almasb/fxgl/17.3/fxgl-17.3.jar!/fxglassets/ui/fonts/Courier-Prime.ttf
14:02:38.615 [JavaFX Application Thread] DEBUG FXGLAssetLoaderServi - Loading from file system: jar:file:///C:/Users/HJC/.m2/repository/com/github/almasb/fxgl/17.3/fxgl-17.3.jar!/fxglassets/textures/fxgl_default_cursor.png
14:02:38.630 [JavaFX Application Thread] DEBUG Input                - Registered new binding: Screenshot - CTRL+8
14:02:38.631 [JavaFX Application Thread] DEBUG Input                - Registered new binding: System info dump - CTRL+9
14:02:38.631 [JavaFX Application Thread] DEBUG Input                - Registered new binding: Restart - CTRL+R
14:02:38.631 [JavaFX Application Thread] DEBUG Input                - Registered new binding: Toggle Debug Camera - CTRL+7
14:02:38.641 [JavaFX Application Thread] DEBUG LoopRunner           - Starting loop
14:02:38.641 [JavaFX Application Thread] DEBUG LoopRunner           - Initializing JavaFX AnimationTimerLoop
14:02:38.642 [JavaFX Application Thread] DEBUG GameApplicationServi - Starting new game
14:02:38.642 [JavaFX Application Thread] DEBUG Input                - Clearing active input actions
14:02:38.654 [JavaFX Application Thread] DEBUG GameApplicationServi - Removing overlay from FXGLStartupScene and adding to FXGLLoadingScene
14:02:38.654 [JavaFX Application Thread] DEBUG PrimaryStageWindow   - FXGLStartupScene -> FXGLLoadingScene
14:02:38.654 [JavaFX Application Thread] DEBUG GameApplicationServi - Clearing previous game
14:02:38.654 [JavaFX Application Thread] DEBUG GameScene            - Clearing game scene
14:02:38.654 [JavaFX Application Thread] DEBUG GameWorld            - Clearing game world
14:02:38.654 [JavaFX Application Thread] DEBUG PhysicsWorld         - Clearing physics world
14:02:38.657 [FXGL Background Thread 4 ] DEBUG FXGLApplication      - Initializing game
14:02:38.658 [JavaFX Application Thread] DEBUG FXGLApplication      - Registering font factories with UI factory
14:02:38.663 [FXGL Background Thread 4 ] DEBUG FXGLAssetLoaderServi - Loading JSON from: file:/D:/Project/MAVEN_PROJECT/CardAdventure/target/classes/assets/data/player/soldier.json
14:02:38.868 [FXGL Background Thread 4 ] DEBUG FXGLAssetLoaderServi - Loading from file system: file:/D:/Project/MAVEN_PROJECT/CardAdventure/target/classes/assets/textures/playerBlood.png
14:02:38.873 [FXGL Background Thread 4 ] DEBUG FXGLAssetLoaderServi - Loading from file system: file:/D:/Project/MAVEN_PROJECT/CardAdventure/target/classes/assets/textures/gold.png
14:02:38.875 [FXGL Background Thread 4 ] DEBUG FXGLAssetLoaderServi - Loading from file system: file:/D:/Project/MAVEN_PROJECT/CardAdventure/target/classes/assets/textures/medicine.png
14:02:38.881 [FXGL Background Thread 4 ] DEBUG FXGLAssetLoaderServi - Loading JSON from: file:/D:/Project/MAVEN_PROJECT/CardAdventure/target/classes/assets/data/card/soldier/strike.json
14:02:38.891 [FXGL Background Thread 4 ] DEBUG FXGLAssetLoaderServi - Loading JSON from: file:/D:/Project/MAVEN_PROJECT/CardAdventure/target/classes/assets/data/card/soldier/strike.json
14:02:38.894 [FXGL Background Thread 4 ] DEBUG FXGLAssetLoaderServi - Loading JSON from: file:/D:/Project/MAVEN_PROJECT/CardAdventure/target/classes/assets/data/card/soldier/strike.json
14:02:38.898 [FXGL Background Thread 4 ] DEBUG FXGLAssetLoaderServi - Loading JSON from: file:/D:/Project/MAVEN_PROJECT/CardAdventure/target/classes/assets/data/card/soldier/strike.json
14:02:38.902 [FXGL Background Thread 4 ] DEBUG FXGLAssetLoaderServi - Loading JSON from: file:/D:/Project/MAVEN_PROJECT/CardAdventure/target/classes/assets/data/card/soldier/strike.json
14:02:38.904 [FXGL Background Thread 4 ] DEBUG FXGLAssetLoaderServi - Loading JSON from: file:/D:/Project/MAVEN_PROJECT/CardAdventure/target/classes/assets/data/card/soldier/strike.json
14:02:38.907 [FXGL Background Thread 4 ] DEBUG FXGLAssetLoaderServi - Loading JSON from: file:/D:/Project/MAVEN_PROJECT/CardAdventure/target/classes/assets/data/card/soldier/strike.json
14:02:38.910 [FXGL Background Thread 4 ] DEBUG FXGLAssetLoaderServi - Loading JSON from: file:/D:/Project/MAVEN_PROJECT/CardAdventure/target/classes/assets/data/card/soldier/strike.json
14:02:38.913 [FXGL Background Thread 4 ] DEBUG FXGLAssetLoaderServi - Loading JSON from: file:/D:/Project/MAVEN_PROJECT/CardAdventure/target/classes/assets/data/card/soldier/strike.json
14:02:38.915 [FXGL Background Thread 4 ] DEBUG FXGLAssetLoaderServi - Loading JSON from: file:/D:/Project/MAVEN_PROJECT/CardAdventure/target/classes/assets/data/card/soldier/strike.json
14:02:38.917 [FXGL Background Thread 4 ] DEBUG FXGLAssetLoaderServi - Loading JSON from: file:/D:/Project/MAVEN_PROJECT/CardAdventure/target/classes/assets/data/card/soldier/strike.json
14:02:38.920 [FXGL Background Thread 4 ] DEBUG FXGLAssetLoaderServi - Loading JSON from: file:/D:/Project/MAVEN_PROJECT/CardAdventure/target/classes/assets/data/card/soldier/strike.json
14:02:38.922 [FXGL Background Thread 4 ] DEBUG FXGLAssetLoaderServi - Loading JSON from: file:/D:/Project/MAVEN_PROJECT/CardAdventure/target/classes/assets/data/card/soldier/strike.json
14:02:38.925 [FXGL Background Thread 4 ] DEBUG FXGLAssetLoaderServi - Loading JSON from: file:/D:/Project/MAVEN_PROJECT/CardAdventure/target/classes/assets/data/card/soldier/strike.json
14:02:38.928 [FXGL Background Thread 4 ] DEBUG FXGLAssetLoaderServi - Loading JSON from: file:/D:/Project/MAVEN_PROJECT/CardAdventure/target/classes/assets/data/card/soldier/strike.json
14:02:38.932 [FXGL Background Thread 4 ] DEBUG FXGLAssetLoaderServi - Loading JSON from: file:/D:/Project/MAVEN_PROJECT/CardAdventure/target/classes/assets/data/card/soldier/strike.json
14:02:38.936 [FXGL Background Thread 4 ] DEBUG FXGLAssetLoaderServi - Loading JSON from: file:/D:/Project/MAVEN_PROJECT/CardAdventure/target/classes/assets/data/card/soldier/strike.json
14:02:38.939 [FXGL Background Thread 4 ] DEBUG FXGLAssetLoaderServi - Loading JSON from: file:/D:/Project/MAVEN_PROJECT/CardAdventure/target/classes/assets/data/card/soldier/strike.json
14:02:38.941 [FXGL Background Thread 4 ] DEBUG FXGLAssetLoaderServi - Loading JSON from: file:/D:/Project/MAVEN_PROJECT/CardAdventure/target/classes/assets/data/card/soldier/strike.json
14:02:38.943 [FXGL Background Thread 4 ] DEBUG FXGLAssetLoaderServi - Loading JSON from: file:/D:/Project/MAVEN_PROJECT/CardAdventure/target/classes/assets/data/card/soldier/strike.json
14:02:38.949 [FXGL Background Thread 4 ] DEBUG FXGLAssetLoaderServi - Loading JSON from: file:/D:/Project/MAVEN_PROJECT/CardAdventure/target/classes/assets/data/enemy/forestWolf.json
14:02:38.966 [FXGL Background Thread 4 ] DEBUG FXGLAssetLoaderServi - Loading from file system: file:/D:/Project/MAVEN_PROJECT/CardAdventure/target/classes/assets/textures/playerAttributeBox.png
14:02:39.061 [FXGL Background Thread 4 ] DEBUG FXGLAssetLoaderServi - Loading from file system: file:/D:/Project/MAVEN_PROJECT/CardAdventure/target/classes/assets/textures/cardBox.png
14:02:39.074 [FXGL Background Thread 4 ] DEBUG FXGLAssetLoaderServi - Loading from file system: file:/D:/Project/MAVEN_PROJECT/CardAdventure/target/classes/assets/textures/cardBack/cardBack%23ff0000.png
14:02:39.098 [FXGL Background Thread 4 ] DEBUG FXGLAssetLoaderServi - Loading from file system: file:/D:/Project/MAVEN_PROJECT/CardAdventure/target/classes/assets/textures/buttonDark.png
14:02:39.107 [FXGL Background Thread 4 ] DEBUG FXGLAssetLoaderServi - Loading from file system: file:/D:/Project/MAVEN_PROJECT/CardAdventure/target/classes/assets/textures/hourglass.jpg
14:02:39.310 [FXGL Background Thread 4 ] DEBUG FXGLAssetLoaderServi - Loading from file system: file:/D:/Project/MAVEN_PROJECT/CardAdventure/target/classes/assets/textures/player/soldier.png
14:02:39.313 [FXGL Background Thread 4 ] DEBUG FXGLAssetLoaderServi - Loading from file system: file:/D:/Project/MAVEN_PROJECT/CardAdventure/target/classes/assets/textures/targetDark.png
14:02:39.319 [FXGL Background Thread 4 ] DEBUG FXGLAssetLoaderServi - Loading from file system: file:/D:/Project/MAVEN_PROJECT/CardAdventure/target/classes/assets/textures/enemy/forestWolf.png
14:02:39.332 [FXGL Background Thread 4 ] INFO  FXGLApplication      - Game initialization took: 0.676 sec
14:02:39.332 [JavaFX Application Thread] DEBUG Input                - Clearing active input actions
14:02:39.343 [JavaFX Application Thread] DEBUG GameApplicationServi - Removing overlay from FXGLLoadingScene and adding to GameScene
14:02:39.343 [JavaFX Application Thread] DEBUG PrimaryStageWindow   - FXGLLoadingScene -> GameScene
14:02:39.424 [FXGL Background Thread 2 ] INFO  UpdaterService       - Your current version:  17.3
14:02:39.425 [FXGL Background Thread 2 ] INFO  UpdaterService       - Latest stable version: 21.1
14:02:41.570 [FXGL Background Thread 3 ] DEBUG Engine               - Logging environment variables
14:02:41.570 [FXGL Background Thread 3 ] DEBUG Engine               - achievements: []
14:02:41.570 [FXGL Background Thread 3 ] DEBUG Engine               - actualHeight: 880.0
14:02:41.570 [FXGL Background Thread 3 ] DEBUG Engine               - actualHeightProperty: ReadOnlyDoubleProperty [value: 880.0]
14:02:41.570 [FXGL Background Thread 3 ] DEBUG Engine               - actualWidth: 1682.0
14:02:41.570 [FXGL Background Thread 3 ] DEBUG Engine               - actualWidthProperty: ReadOnlyDoubleProperty [value: 1682.0]
14:02:41.570 [FXGL Background Thread 3 ] DEBUG Engine               - appIcon: enemy/forestWolf.png
14:02:41.571 [FXGL Background Thread 3 ] DEBUG Engine               - applicationMode: DEVELOPER
14:02:41.571 [FXGL Background Thread 3 ] DEBUG Engine               - cSSList: [fxgl_dark.css]
14:02:41.571 [FXGL Background Thread 3 ] DEBUG Engine               - collisionDetectionStrategy: BRUTE_FORCE
14:02:41.571 [FXGL Background Thread 3 ] DEBUG Engine               - configClass: Optional.empty
14:02:41.571 [FXGL Background Thread 3 ] DEBUG Engine               - credits: []
14:02:41.571 [FXGL Background Thread 3 ] DEBUG Engine               - defaultCursor: CursorInfo(imageName=fxgl_default_cursor.png, hotspotX=7.0, hotspotY=6.0)
14:02:41.572 [FXGL Background Thread 3 ] DEBUG Engine               - devBBoxColorProperty: ObjectProperty [value: 0xff0000ff]
14:02:41.572 [FXGL Background Thread 3 ] DEBUG Engine               - devEnableDebugCameraProperty: BooleanProperty [value: false]
14:02:41.572 [FXGL Background Thread 3 ] DEBUG Engine               - devSensorColorProperty: ObjectProperty [value: 0xffff00ff]
14:02:41.572 [FXGL Background Thread 3 ] DEBUG Engine               - devShowBBoxProperty: BooleanProperty [value: false]
14:02:41.573 [FXGL Background Thread 3 ] DEBUG Engine               - devShowPositionProperty: BooleanProperty [value: false]
14:02:41.573 [FXGL Background Thread 3 ] DEBUG Engine               - enabledMenuItems: []
14:02:41.573 [FXGL Background Thread 3 ] DEBUG Engine               - engineServices: [class com.almasb.fxgl.app.services.FXGLAssetLoaderService, class com.almasb.fxgl.app.FXGLApplication$GameApplicationService, class com.almasb.fxgl.app.services.FXGLDialogService, class com.almasb.fxgl.app.services.IOTaskExecutorService, class com.almasb.fxgl.io.FileSystemService, class com.almasb.fxgl.localization.LocalizationService, class com.almasb.fxgl.app.services.SystemBundleService, class com.almasb.fxgl.profile.SaveLoadService, class com.almasb.fxgl.ui.FXGLUIFactoryServiceProvider, class com.almasb.fxgl.ui.FXGLDialogFactoryServiceProvider, class com.almasb.fxgl.audio.AudioPlayer, class com.almasb.fxgl.notification.impl.NotificationServiceProvider, class com.almasb.fxgl.achievement.AchievementService, class com.almasb.fxgl.cutscene.CutsceneService, class com.almasb.fxgl.minigames.MiniGameService, class com.almasb.fxgl.net.NetService, class com.almasb.fxgl.app.services.UpdaterService, class com.almasb.fxgl.dev.DevService]
14:02:41.573 [FXGL Background Thread 3 ] DEBUG Engine               - fontGame: Abel-Regular.ttf
14:02:41.576 [FXGL Background Thread 3 ] DEBUG Engine               - fontMono: TerminalLandMono-Regular.otf
14:02:41.576 [FXGL Background Thread 3 ] DEBUG Engine               - fontSizeScaleUI: 1.0
14:02:41.578 [FXGL Background Thread 3 ] DEBUG Engine               - fontText: Courier-Prime.ttf
14:02:41.578 [FXGL Background Thread 3 ] DEBUG Engine               - fontUI: VarelaRound-Regular.ttf
14:02:41.578 [FXGL Background Thread 3 ] DEBUG Engine               - fullScreen: BooleanProperty [value: false]
14:02:41.578 [FXGL Background Thread 3 ] DEBUG Engine               - gameDifficulty: MEDIUM
14:02:41.578 [FXGL Background Thread 3 ] DEBUG Engine               - gameDifficultyProperty: ObjectProperty [value: MEDIUM]
14:02:41.578 [FXGL Background Thread 3 ] DEBUG Engine               - globalMusicVolume: 0.5
14:02:41.578 [FXGL Background Thread 3 ] DEBUG Engine               - globalMusicVolumeProperty: DoubleProperty [value: 0.5]
14:02:41.578 [FXGL Background Thread 3 ] DEBUG Engine               - globalSoundVolume: 0.5
14:02:41.578 [FXGL Background Thread 3 ] DEBUG Engine               - globalSoundVolumeProperty: DoubleProperty [value: 0.5]
14:02:41.578 [FXGL Background Thread 3 ] DEBUG Engine               - height: 980
14:02:41.578 [FXGL Background Thread 3 ] DEBUG Engine               - is3D: false
14:02:41.578 [FXGL Background Thread 3 ] DEBUG Engine               - isAndroid: false
14:02:41.578 [FXGL Background Thread 3 ] DEBUG Engine               - isBrowser: false
14:02:41.578 [FXGL Background Thread 3 ] DEBUG Engine               - isClickFeedbackEnabled: false
14:02:41.578 [FXGL Background Thread 3 ] DEBUG Engine               - isCloseConfirmation: false
14:02:41.578 [FXGL Background Thread 3 ] DEBUG Engine               - isDesktop: true
14:02:41.578 [FXGL Background Thread 3 ] DEBUG Engine               - isDeveloperMenuEnabled: false
14:02:41.578 [FXGL Background Thread 3 ] DEBUG Engine               - isEmbedded: false
14:02:41.578 [FXGL Background Thread 3 ] DEBUG Engine               - isEntityPreloadEnabled: true
14:02:41.578 [FXGL Background Thread 3 ] DEBUG Engine               - isExperimentalTiledLargeMap: false
14:02:41.578 [FXGL Background Thread 3 ] DEBUG Engine               - isFileSystemWriteAllowed: true
14:02:41.578 [FXGL Background Thread 3 ] DEBUG Engine               - isFullScreenAllowed: false
14:02:41.578 [FXGL Background Thread 3 ] DEBUG Engine               - isFullScreenFromStart: false
14:02:41.579 [FXGL Background Thread 3 ] DEBUG Engine               - isGameMenuEnabled: true
14:02:41.579 [FXGL Background Thread 3 ] DEBUG Engine               - isIOS: false
14:02:41.579 [FXGL Background Thread 3 ] DEBUG Engine               - isIntroEnabled: false
14:02:41.579 [FXGL Background Thread 3 ] DEBUG Engine               - isLinux: false
14:02:41.579 [FXGL Background Thread 3 ] DEBUG Engine               - isMac: false
14:02:41.579 [FXGL Background Thread 3 ] DEBUG Engine               - isMainMenuEnabled: false
14:02:41.579 [FXGL Background Thread 3 ] DEBUG Engine               - isManualResizeEnabled: false
14:02:41.579 [FXGL Background Thread 3 ] DEBUG Engine               - isMobile: false
14:02:41.579 [FXGL Background Thread 3 ] DEBUG Engine               - isNative: false
14:02:41.579 [FXGL Background Thread 3 ] DEBUG Engine               - isPauseMusicWhenMinimized: true
14:02:41.579 [FXGL Background Thread 3 ] DEBUG Engine               - isPreserveResizeRatio: false
14:02:41.579 [FXGL Background Thread 3 ] DEBUG Engine               - isProfilingEnabled: false
14:02:41.579 [FXGL Background Thread 3 ] DEBUG Engine               - isScaleAffectedOnResize: true
14:02:41.579 [FXGL Background Thread 3 ] DEBUG Engine               - isSingleStep: false
14:02:41.579 [FXGL Background Thread 3 ] DEBUG Engine               - isUserProfileEnabled: false
14:02:41.579 [FXGL Background Thread 3 ] DEBUG Engine               - isWindows: true
14:02:41.579 [FXGL Background Thread 3 ] DEBUG Engine               - language: ObjectProperty [value: CHINESE]
14:02:41.579 [FXGL Background Thread 3 ] DEBUG Engine               - menuKey: ESCAPE
14:02:41.579 [FXGL Background Thread 3 ] DEBUG Engine               - mouseSensitivity: 0.2
14:02:41.579 [FXGL Background Thread 3 ] DEBUG Engine               - notificationViewClass: class com.almasb.fxgl.notification.view.XboxNotificationView
14:02:41.579 [FXGL Background Thread 3 ] DEBUG Engine               - pixelsPerMeter: 50.0
14:02:41.581 [FXGL Background Thread 3 ] DEBUG Engine               - platform: WINDOWS
14:02:41.581 [FXGL Background Thread 3 ] DEBUG Engine               - prefHeightProperty: ReadOnlyDoubleProperty [value: 980.0]
14:02:41.581 [FXGL Background Thread 3 ] DEBUG Engine               - prefWidthProperty: ReadOnlyDoubleProperty [value: 1900.0]
14:02:41.581 [FXGL Background Thread 3 ] DEBUG Engine               - profileDir: profiles/
14:02:41.581 [FXGL Background Thread 3 ] DEBUG Engine               - profileName: StringProperty [value: DEFAULT]
14:02:41.581 [FXGL Background Thread 3 ] DEBUG Engine               - randomSeed: -1
14:02:41.581 [FXGL Background Thread 3 ] DEBUG Engine               - runtimeInfo: RuntimeInfo(platform=WINDOWS, version=17.3, build=30.03.2023 11.49)
14:02:41.581 [FXGL Background Thread 3 ] DEBUG Engine               - saveFileExt: sav
14:02:41.581 [FXGL Background Thread 3 ] DEBUG Engine               - scaledHeightProp$fxgl: DoubleProperty [bound, value: 880.0]
14:02:41.581 [FXGL Background Thread 3 ] DEBUG Engine               - scaledWidthProp$fxgl: DoubleProperty [bound, value: 1682.0]
14:02:41.581 [FXGL Background Thread 3 ] DEBUG Engine               - sceneFactory: com.almasb.fxgl.app.scene.SceneFactory@5d379d11
14:02:41.581 [FXGL Background Thread 3 ] DEBUG Engine               - secondsIn24h: 60
14:02:41.581 [FXGL Background Thread 3 ] DEBUG Engine               - soundMenuBack: menu/back.wav
14:02:41.581 [FXGL Background Thread 3 ] DEBUG Engine               - soundMenuPress: menu/press.wav
14:02:41.581 [FXGL Background Thread 3 ] DEBUG Engine               - soundMenuSelect: menu/select.wav
14:02:41.581 [FXGL Background Thread 3 ] DEBUG Engine               - soundNotification: core/notification.wav
14:02:41.581 [FXGL Background Thread 3 ] DEBUG Engine               - stageStyle: DECORATED
14:02:41.581 [FXGL Background Thread 3 ] DEBUG Engine               - supportedLanguages: [CHINESE, ENGLISH, FRENCH, GERMAN, HUNGARIAN, RUSSIAN]
14:02:41.582 [FXGL Background Thread 3 ] DEBUG Engine               - ticksPerSecond: -1
14:02:41.582 [FXGL Background Thread 3 ] DEBUG Engine               - title: 卡牌冒险
14:02:41.582 [FXGL Background Thread 3 ] DEBUG Engine               - urlGithub: https://github.com/AlmasB/FXGL
14:02:41.582 [FXGL Background Thread 3 ] DEBUG Engine               - urlLeaderboard: http://fxgl-top.herokuapp.com/
14:02:41.582 [FXGL Background Thread 3 ] DEBUG Engine               - urlPOM: https://raw.githubusercontent.com/AlmasB/FXGL/release/README.md
14:02:41.582 [FXGL Background Thread 3 ] DEBUG Engine               - userAppClass: class com.hjc.CardAdventure.CardAdventureApp
14:02:41.582 [FXGL Background Thread 3 ] DEBUG Engine               - version: 0.1
14:02:41.582 [FXGL Background Thread 3 ] DEBUG Engine               - versionCheckDays: 7
14:02:41.582 [FXGL Background Thread 3 ] DEBUG Engine               - width: 1900
14:02:41.582 [FXGL Background Thread 3 ] DEBUG Engine               - Logging services
14:02:41.582 [FXGL Background Thread 3 ] DEBUG Engine               - class com.almasb.fxgl.app.services.FXGLAssetLoaderService
14:02:41.582 [FXGL Background Thread 3 ] DEBUG Engine               - class com.almasb.fxgl.app.FXGLApplication$GameApplicationService
14:02:41.584 [FXGL Background Thread 3 ] DEBUG Engine               - class com.almasb.fxgl.app.services.FXGLDialogService
14:02:41.584 [FXGL Background Thread 3 ] DEBUG Engine               - class com.almasb.fxgl.app.services.IOTaskExecutorService
14:02:41.584 [FXGL Background Thread 3 ] DEBUG Engine               - class com.almasb.fxgl.io.FileSystemService
14:02:41.584 [FXGL Background Thread 3 ] DEBUG Engine               - class com.almasb.fxgl.localization.LocalizationService
14:02:41.584 [FXGL Background Thread 3 ] DEBUG Engine               - class com.almasb.fxgl.app.services.SystemBundleService
14:02:41.584 [FXGL Background Thread 3 ] DEBUG Engine               - class com.almasb.fxgl.profile.SaveLoadService
14:02:41.584 [FXGL Background Thread 3 ] DEBUG Engine               - class com.almasb.fxgl.ui.FXGLUIFactoryServiceProvider
14:02:41.584 [FXGL Background Thread 3 ] DEBUG Engine               - class com.almasb.fxgl.ui.FXGLDialogFactoryServiceProvider
14:02:41.584 [FXGL Background Thread 3 ] DEBUG Engine               - class com.almasb.fxgl.audio.AudioPlayer
14:02:41.584 [FXGL Background Thread 3 ] DEBUG Engine               - class com.almasb.fxgl.notification.impl.NotificationServiceProvider
14:02:41.584 [FXGL Background Thread 3 ] DEBUG Engine               - class com.almasb.fxgl.achievement.AchievementService
14:02:41.584 [FXGL Background Thread 3 ] DEBUG Engine               - class com.almasb.fxgl.cutscene.CutsceneService
14:02:41.584 [FXGL Background Thread 3 ] DEBUG Engine               - class com.almasb.fxgl.minigames.MiniGameService
14:02:41.584 [FXGL Background Thread 3 ] DEBUG Engine               - class com.almasb.fxgl.net.NetService
14:02:41.584 [FXGL Background Thread 3 ] DEBUG Engine               - class com.almasb.fxgl.app.services.UpdaterService
14:02:41.584 [FXGL Background Thread 3 ] DEBUG Engine               - class com.almasb.fxgl.dev.DevService
14:03:08.209 [JavaFX Application Thread] DEBUG FXGLApplication      - Exiting FXGL
14:03:08.209 [JavaFX Application Thread] DEBUG LoopRunner           - Stopping loop
14:03:08.209 [JavaFX Application Thread] DEBUG SystemBundleService  - Saving FXGL system data
14:03:08.210 [JavaFX Application Thread] DEBUG FileSystemAccess     - Writing to: D:\Project\MAVEN_PROJECT\CardAdventure\system\fxgl.bundle
14:03:08.210 [JavaFX Application Thread] DEBUG Async                - Shutting down background threads
14:03:08.211 [JavaFX Application Thread] DEBUG PrimaryStageWindow   - Closing main window
14:03:08.222 [JavaFX Application Thread] DEBUG Logger               - Closing Logger
